#
# There is insufficient memory for the Java Runtime Environment to continue.
# Native memory allocation (malloc) failed to allocate 1920816 bytes for Chunk::new
# Possible reasons:
#   The system is out of physical RAM or swap space
#   The process is running with CompressedOops enabled, and the Java Heap may be blocking the growth of the native heap
# Possible solutions:
#   Reduce memory load on the system
#   Increase physical memory or swap space
#   Check if swap backing store is full
#   Decrease Java heap size (-Xmx/-Xms)
#   Decrease number of Java threads
#   Decrease Java thread stack sizes (-Xss)
#   Set larger code cache with -XX:ReservedCodeCacheSize=
#   JVM is running with Unscaled Compressed Oops mode in which the Java heap is
#     placed in the first 4GB address space. The Java Heap base address is the
#     maximum limit for the native heap growth. Please use -XX:HeapBaseMinAddress
#     to set the Java Heap base and to place the Java Heap above 4GB virtual address.
# This output file may be truncated or incomplete.
#
#  Out of Memory Error (./src/hotspot/share/memory/arena.cpp:197), pid=3600, tid=4068
#
# JRE version: OpenJDK Runtime Environment (11.0.10) (build 11.0.10+0-b96-7249189)
# Java VM: OpenJDK 64-Bit Server VM (11.0.10+0-b96-7249189, mixed mode, tiered, compressed oops, g1 gc, windows-amd64)
# No core dump will be written. Minidumps are not enabled by default on client versions of Windows
#

---------------  S U M M A R Y ------------

Command Line: --add-opens=java.base/java.util=ALL-UNNAMED --add-opens=java.base/java.lang=ALL-UNNAMED --add-opens=java.base/java.lang.invoke=ALL-UNNAMED --add-opens=java.base/java.util=ALL-UNNAMED --add-opens=java.prefs/java.util.prefs=ALL-UNNAMED --add-opens=java.prefs/java.util.prefs=ALL-UNNAMED --add-opens=java.base/java.nio.charset=ALL-UNNAMED --add-opens=java.base/java.net=ALL-UNNAMED --add-opens=java.base/java.util.concurrent.atomic=ALL-UNNAMED -Xmx2048m -Dfile.encoding=UTF-8 -Duser.country=RU -Duser.language=ru -Duser.variant org.gradle.launcher.daemon.bootstrap.GradleDaemon 7.0.2

Host: Intel(R) Xeon(R) CPU E3-1230 V2 @ 3.30GHz, 8 cores, 11G,  Windows 10 , 64 bit Build 19041 (10.0.19041.1348)
Time: Fri Jan 28 00:54:12 2022 RTZ 2 (зима) elapsed time: 5235.459718 seconds (0d 1h 27m 15s)

---------------  T H R E A D  ---------------

Current thread (0x0000019e3a800800):  JavaThread "C2 CompilerThread0" daemon [_thread_in_native, id=4068, stack(0x0000000742c00000,0x0000000742d00000)]


Current CompileTask:
C2:5235459 26272       4       org.gradle.api.internal.artifacts.ivyservice.modulecache.ModuleMetadataSerializer$Reader::readMavenDependency (142 bytes)

Stack: [0x0000000742c00000,0x0000000742d00000]
Native frames: (J=compiled Java code, j=interpreted, Vv=VM code, C=native code)
V  [jvm.dll+0x5ecfaa]
V  [jvm.dll+0x722bd5]
V  [jvm.dll+0x72412d]
V  [jvm.dll+0x7247e3]
V  [jvm.dll+0x242928]
V  [jvm.dll+0xbc4fc]
V  [jvm.dll+0xbca0c]
V  [jvm.dll+0x352d3b]
V  [jvm.dll+0x320ad3]
V  [jvm.dll+0x31ffca]
V  [jvm.dll+0x1fb602]
V  [jvm.dll+0x1fa7f4]
V  [jvm.dll+0x18354c]
V  [jvm.dll+0x208ee7]
V  [jvm.dll+0x207731]
V  [jvm.dll+0x6eb1cf]
V  [jvm.dll+0x6e3d45]
V  [jvm.dll+0x5ebe96]
C  [ucrtbase.dll+0x21bb2]
C  [KERNEL32.DLL+0x17034]
C  [ntdll.dll+0x52651]


---------------  P R O C E S S  ---------------

Threads class SMR info:
_java_thread_list=0x0000019e41c2b3f0, length=58, elements={
0x0000019e1db2d000, 0x0000019e39f85800, 0x0000019e3a790800, 0x0000019e3a7af800,
0x0000019e3a7b2000, 0x0000019e3a7b3000, 0x0000019e3a800800, 0x0000019e3a804800,
0x0000019e3a807800, 0x0000019e3a96c000, 0x0000019e3d637800, 0x0000019e3ab89000,
0x0000019e3b1a4800, 0x0000019e3d02e000, 0x0000019e3d032000, 0x0000019e3d02e800,
0x0000019e3d030800, 0x0000019e3d02c800, 0x0000019e3e06f800, 0x0000019e3e070000,
0x0000019e3e06d000, 0x0000019e3e071000, 0x0000019e3e076800, 0x0000019e3d266000,
0x0000019e3d264800, 0x0000019e3d267000, 0x0000019e3d262000, 0x0000019e3d261800,
0x0000019e3d268800, 0x0000019e45bf3800, 0x0000019e45bf1000, 0x0000019e45bf1800,
0x0000019e45bf4000, 0x0000019e45bf5000, 0x0000019e46840000, 0x0000019e3d263000,
0x0000019e3d263800, 0x0000019e3d26a000, 0x0000019e3d26b000, 0x0000019e3d265800,
0x0000019e3d26d800, 0x0000019e3d26e800, 0x0000019e3d26f000, 0x0000019e3d26c800,
0x0000019e3d270000, 0x0000019e3d26c000, 0x0000019e41b89800, 0x0000019e41b8c000,
0x0000019e41b8e800, 0x0000019e41b8a800, 0x0000019e41b91000, 0x0000019e41b8c800,
0x0000019e41b8b000, 0x0000019e41b91800, 0x0000019e41b92800, 0x0000019e41b8d800,
0x0000019e41b95800, 0x0000019e41b96800
}

Java Threads: ( => current thread )
  0x0000019e1db2d000 JavaThread "main" [_thread_blocked, id=10596, stack(0x0000000742000000,0x0000000742100000)]
  0x0000019e39f85800 JavaThread "Reference Handler" daemon [_thread_blocked, id=7592, stack(0x0000000742700000,0x0000000742800000)]
  0x0000019e3a790800 JavaThread "Finalizer" daemon [_thread_blocked, id=9584, stack(0x0000000742800000,0x0000000742900000)]
  0x0000019e3a7af800 JavaThread "Signal Dispatcher" daemon [_thread_blocked, id=7536, stack(0x0000000742900000,0x0000000742a00000)]
  0x0000019e3a7b2000 JavaThread "Attach Listener" daemon [_thread_blocked, id=6616, stack(0x0000000742a00000,0x0000000742b00000)]
  0x0000019e3a7b3000 JavaThread "Service Thread" daemon [_thread_blocked, id=9076, stack(0x0000000742b00000,0x0000000742c00000)]
=>0x0000019e3a800800 JavaThread "C2 CompilerThread0" daemon [_thread_in_native, id=4068, stack(0x0000000742c00000,0x0000000742d00000)]
  0x0000019e3a804800 JavaThread "C1 CompilerThread0" daemon [_thread_blocked, id=4980, stack(0x0000000742d00000,0x0000000742e00000)]
  0x0000019e3a807800 JavaThread "Sweeper thread" daemon [_thread_blocked, id=5076, stack(0x0000000742e00000,0x0000000742f00000)]
  0x0000019e3a96c000 JavaThread "Common-Cleaner" daemon [_thread_blocked, id=4164, stack(0x0000000742f00000,0x0000000743000000)]
  0x0000019e3d637800 JavaThread "Daemon health stats" [_thread_blocked, id=10068, stack(0x0000000743600000,0x0000000743700000)]
  0x0000019e3ab89000 JavaThread "Incoming local TCP Connector on port 56674" [_thread_in_native, id=4492, stack(0x0000000743100000,0x0000000743200000)]
  0x0000019e3b1a4800 JavaThread "Daemon periodic checks" [_thread_blocked, id=10748, stack(0x0000000743200000,0x0000000743300000)]
  0x0000019e3d02e000 JavaThread "Cache worker for file hash cache (C:\Users\Nikita\.gradle\caches\7.0.2\fileHashes)" [_thread_blocked, id=3564, stack(0x0000000743f00000,0x0000000744000000)]
  0x0000019e3d032000 JavaThread "File lock request listener" [_thread_in_native, id=10184, stack(0x0000000744000000,0x0000000744100000)]
  0x0000019e3d02e800 JavaThread "Cache worker for journal cache (C:\Users\Nikita\.gradle\caches\journal-1)" [_thread_blocked, id=5760, stack(0x0000000744600000,0x0000000744700000)]
  0x0000019e3d030800 JavaThread "File watcher server" daemon [_thread_in_native, id=2352, stack(0x0000000744800000,0x0000000744900000)]
  0x0000019e3d02c800 JavaThread "File watcher consumer" daemon [_thread_blocked, id=6228, stack(0x0000000744900000,0x0000000744a00000)]
  0x0000019e3e06f800 JavaThread "Cache worker for execution history cache (C:\Users\Nikita\.gradle\caches\7.0.2\executionHistory)" [_thread_blocked, id=6508, stack(0x0000000744e00000,0x0000000744f00000)]
  0x0000019e3e070000 JavaThread "jar transforms" [_thread_blocked, id=4656, stack(0x0000000744f00000,0x0000000745000000)]
  0x0000019e3e06d000 JavaThread "jar transforms Thread 2" [_thread_blocked, id=7136, stack(0x0000000745000000,0x0000000745100000)]
  0x0000019e3e071000 JavaThread "Cache worker for file content cache (C:\Users\Nikita\.gradle\caches\7.0.2\fileContent)" [_thread_blocked, id=7720, stack(0x0000000745100000,0x0000000745200000)]
  0x0000019e3e076800 JavaThread "jar transforms Thread 3" [_thread_blocked, id=10704, stack(0x0000000743b00000,0x0000000743c00000)]
  0x0000019e3d266000 JavaThread "jar transforms Thread 4" [_thread_blocked, id=6052, stack(0x0000000745c00000,0x0000000745d00000)]
  0x0000019e3d264800 JavaThread "jar transforms Thread 5" [_thread_blocked, id=4308, stack(0x0000000745d00000,0x0000000745e00000)]
  0x0000019e3d267000 JavaThread "jar transforms Thread 6" [_thread_blocked, id=10060, stack(0x0000000745e00000,0x0000000745f00000)]
  0x0000019e3d262000 JavaThread "jar transforms Thread 7" [_thread_blocked, id=2972, stack(0x0000000745f00000,0x0000000746000000)]
  0x0000019e3d261800 JavaThread "jar transforms Thread 8" [_thread_blocked, id=8612, stack(0x0000000746000000,0x0000000746100000)]
  0x0000019e3d268800 JavaThread "Memory manager" [_thread_blocked, id=5856, stack(0x0000000746600000,0x0000000746700000)]
  0x0000019e45bf3800 JavaThread "RMI Scheduler(0)" daemon [_thread_blocked, id=7360, stack(0x0000000746400000,0x0000000746500000)]
  0x0000019e45bf1000 JavaThread "RMI GC Daemon" daemon [_thread_blocked, id=1804, stack(0x0000000747d00000,0x0000000747e00000)]
  0x0000019e45bf1800 JavaThread "RMI TCP Accept-0" daemon [_thread_in_native, id=8016, stack(0x0000000747e00000,0x0000000747f00000)]
  0x0000019e45bf4000 JavaThread "RMI Reaper" [_thread_blocked, id=4264, stack(0x0000000747f00000,0x0000000748000000)]
  0x0000019e45bf5000 JavaThread "Cache worker for Java compile cache (C:\Users\Nikita\.gradle\caches\7.0.2\javaCompile)" [_thread_blocked, id=8352, stack(0x0000000746500000,0x0000000746600000)]
  0x0000019e46840000 JavaThread "ForkJoinPool.commonPool-worker-13" daemon [_thread_blocked, id=8676, stack(0x0000000745800000,0x0000000745900000)]
  0x0000019e3d263000 JavaThread "RMI TCP Connection(idle)" daemon [_thread_blocked, id=12012, stack(0x0000000741d00000,0x0000000741e00000)]
  0x0000019e3d263800 JavaThread "Daemon Thread 5" [_thread_blocked, id=7852, stack(0x0000000741e00000,0x0000000741f00000)]
  0x0000019e3d26a000 JavaThread "Handler for socket connection from /127.0.0.1:56674 to /127.0.0.1:59555" [_thread_in_native, id=32, stack(0x0000000741f00000,0x0000000742000000)]
  0x0000019e3d26b000 JavaThread "Cancel handler" [_thread_blocked, id=2416, stack(0x0000000743700000,0x0000000743800000)]
  0x0000019e3d265800 JavaThread "Daemon worker Thread 5" [_thread_in_Java, id=7116, stack(0x0000000743800000,0x0000000743900000)]
  0x0000019e3d26d800 JavaThread "Asynchronous log dispatcher for DefaultDaemonConnection: socket connection from /127.0.0.1:56674 to /127.0.0.1:59555" [_thread_blocked, id=7028, stack(0x0000000743900000,0x0000000743a00000)]
  0x0000019e3d26e800 JavaThread "Stdin handler" [_thread_blocked, id=11400, stack(0x0000000743a00000,0x0000000743b00000)]
  0x0000019e3d26f000 JavaThread "Daemon client event forwarder" [_thread_blocked, id=7944, stack(0x0000000743c00000,0x0000000743d00000)]
  0x0000019e3d26c800 JavaThread "Cache worker for file hash cache (C:\Users\Nikita\AndroidStudioProjects\WeatherPaint\.gradle\7.0.2\fileHashes)" [_thread_blocked, id=884, stack(0x0000000743d00000,0x0000000743e00000)]
  0x0000019e3d270000 JavaThread "Cache worker for checksums cache (C:\Users\Nikita\AndroidStudioProjects\WeatherPaint\.gradle\checksums)" [_thread_blocked, id=8872, stack(0x0000000743e00000,0x0000000743f00000)]
  0x0000019e3d26c000 JavaThread "Cache worker for cache directory md-supplier (C:\Users\Nikita\.gradle\caches\7.0.2\md-supplier)" [_thread_blocked, id=6884, stack(0x0000000744700000,0x0000000744800000)]
  0x0000019e41b89800 JavaThread "Cache worker for cache directory md-rule (C:\Users\Nikita\.gradle\caches\7.0.2\md-rule)" [_thread_blocked, id=6864, stack(0x0000000744a00000,0x0000000744b00000)]
  0x0000019e41b8c000 JavaThread "Cache worker for dependencies-accessors (C:\Users\Nikita\AndroidStudioProjects\WeatherPaint\.gradle\7.0.2\dependencies-accessors)" [_thread_blocked, id=7276, stack(0x0000000744b00000,0x0000000744c00000)]
  0x0000019e41b8e800 JavaThread "Cache worker for Build Output Cleanup Cache (C:\Users\Nikita\AndroidStudioProjects\WeatherPaint\.gradle\buildOutputCleanup)" [_thread_blocked, id=5944, stack(0x0000000744c00000,0x0000000744d00000)]
  0x0000019e41b8a800 JavaThread "C2 CompilerThread1" daemon [_thread_in_native, id=5116, stack(0x0000000744d00000,0x0000000744e00000)]
  0x0000019e41b91000 JavaThread "Build operations" [_thread_blocked, id=6012, stack(0x0000000745200000,0x0000000745300000)]
  0x0000019e41b8c800 JavaThread "Build operations Thread 2" [_thread_blocked, id=9684, stack(0x0000000745300000,0x0000000745400000)]
  0x0000019e41b8b000 JavaThread "Build operations Thread 3" [_thread_blocked, id=10320, stack(0x0000000745400000,0x0000000745500000)]
  0x0000019e41b91800 JavaThread "Build operations Thread 4" [_thread_blocked, id=7104, stack(0x0000000745500000,0x0000000745600000)]
  0x0000019e41b92800 JavaThread "Build operations Thread 5" [_thread_blocked, id=12144, stack(0x0000000745600000,0x0000000745700000)]
  0x0000019e41b8d800 JavaThread "Build operations Thread 6" [_thread_blocked, id=9428, stack(0x0000000745700000,0x0000000745800000)]
  0x0000019e41b95800 JavaThread "Build operations Thread 7" [_thread_blocked, id=10168, stack(0x0000000745900000,0x0000000745a00000)]
  0x0000019e41b96800 JavaThread "Build operations Thread 8" [_thread_blocked, id=6308, stack(0x0000000745a00000,0x0000000745b00000)]

Other Threads:
  0x0000019e39f83800 VMThread "VM Thread" [stack: 0x0000000742600000,0x0000000742700000] [id=6084]
  0x0000019e3a9a0000 WatcherThread [stack: 0x0000000743000000,0x0000000743100000] [id=10908]
  0x0000019e1db44000 GCTaskThread "GC Thread#0" [stack: 0x0000000742100000,0x0000000742200000] [id=9272]
  0x0000019e3b420800 GCTaskThread "GC Thread#1" [stack: 0x0000000743300000,0x0000000743400000] [id=9636]
  0x0000019e3b22b800 GCTaskThread "GC Thread#2" [stack: 0x0000000743400000,0x0000000743500000] [id=5724]
  0x0000019e3af8f800 GCTaskThread "GC Thread#3" [stack: 0x0000000743500000,0x0000000743600000] [id=2124]
  0x0000019e3c751800 GCTaskThread "GC Thread#4" [stack: 0x0000000744100000,0x0000000744200000] [id=3728]
  0x0000019e3cc73000 GCTaskThread "GC Thread#5" [stack: 0x0000000744200000,0x0000000744300000] [id=2780]
  0x0000019e3c84d800 GCTaskThread "GC Thread#6" [stack: 0x0000000744300000,0x0000000744400000] [id=10916]
  0x0000019e3d481800 GCTaskThread "GC Thread#7" [stack: 0x0000000744400000,0x0000000744500000] [id=3280]
  0x0000019e1db77000 ConcurrentGCThread "G1 Main Marker" [stack: 0x0000000742200000,0x0000000742300000] [id=10836]
  0x0000019e1db79800 ConcurrentGCThread "G1 Conc#0" [stack: 0x0000000742300000,0x0000000742400000] [id=4740]
  0x0000019e3d035800 ConcurrentGCThread "G1 Conc#1" [stack: 0x0000000744500000,0x0000000744600000] [id=9448]
  0x0000019e1dc0d800 ConcurrentGCThread "G1 Refine#0" [stack: 0x0000000742400000,0x0000000742500000] [id=4520]
  0x0000019e3ce6c800 ConcurrentGCThread "G1 Refine#1" [stack: 0x0000000745b00000,0x0000000745c00000] [id=6656]
  0x0000019e3dbbc000 ConcurrentGCThread "G1 Refine#2" [stack: 0x0000000746100000,0x0000000746200000] [id=3408]
  0x0000019e3dbbc800 ConcurrentGCThread "G1 Refine#3" [stack: 0x0000000746200000,0x0000000746300000] [id=2292]
  0x0000019e3fad6800 ConcurrentGCThread "G1 Refine#4" [stack: 0x0000000746300000,0x0000000746400000] [id=3692]
  0x0000019e3bc51800 ConcurrentGCThread "G1 Refine#5" [stack: 0x0000000747a00000,0x0000000747b00000] [id=10392]
  0x0000019e1dc0e800 ConcurrentGCThread "G1 Young RemSet Sampling" [stack: 0x0000000742500000,0x0000000742600000] [id=8280]

Threads with active compile tasks:
C2 CompilerThread05235508 26272       4       org.gradle.api.internal.artifacts.ivyservice.modulecache.ModuleMetadataSerializer$Reader::readMavenDependency (142 bytes)
C2 CompilerThread15235508 26273       4       org.gradle.cache.internal.DefaultCacheFactory$ReferenceTrackingCache::useCache (14 bytes)

VM state:not at safepoint (normal execution)

VM Mutex/Monitor currently owned by a thread: None

Heap address: 0x0000000080000000, size: 2048 MB, Compressed Oops mode: 32-bit
Narrow klass base: 0x0000000000000000, Narrow klass shift: 3
Compressed class space size: 1073741824 Address: 0x0000000100000000

Heap:
 garbage-first heap   total 380928K, used 162548K [0x0000000080000000, 0x0000000100000000)
  region size 1024K, 46 young (47104K), 5 survivors (5120K)
 Metaspace       used 130877K, capacity 134383K, committed 134732K, reserved 1167360K
  class space    used 16320K, capacity 17613K, committed 17740K, reserved 1048576K
Heap Regions: E=young(eden), S=young(survivor), O=old, HS=humongous(starts), HC=humongous(continues), CS=collection set, F=free, A=archive, TAMS=top-at-mark-start (previous, next)
|   0|0x0000000080000000, 0x0000000080100000, 0x0000000080100000|100%| O|  |TAMS 0x0000000080100000, 0x0000000080000000| Untracked 
|   1|0x0000000080100000, 0x0000000080200000, 0x0000000080200000|100%| O|  |TAMS 0x0000000080200000, 0x0000000080100000| Untracked 
|   2|0x0000000080200000, 0x0000000080300000, 0x0000000080300000|100%| O|  |TAMS 0x0000000080300000, 0x0000000080200000| Untracked 
|   3|0x0000000080300000, 0x0000000080400000, 0x0000000080400000|100%|HS|  |TAMS 0x0000000080400000, 0x0000000080300000| Complete 
|   4|0x0000000080400000, 0x0000000080500000, 0x0000000080500000|100%|HC|  |TAMS 0x0000000080500000, 0x0000000080400000| Complete 
|   5|0x0000000080500000, 0x0000000080600000, 0x0000000080600000|100%|HC|  |TAMS 0x0000000080600000, 0x0000000080500000| Complete 
|   6|0x0000000080600000, 0x0000000080700000, 0x0000000080700000|100%| O|  |TAMS 0x0000000080700000, 0x0000000080600000| Untracked 
|   7|0x0000000080700000, 0x0000000080800000, 0x0000000080800000|100%| O|  |TAMS 0x0000000080800000, 0x0000000080700000| Untracked 
|   8|0x0000000080800000, 0x0000000080900000, 0x0000000080900000|100%| O|  |TAMS 0x0000000080900000, 0x0000000080800000| Untracked 
|   9|0x0000000080900000, 0x0000000080a00000, 0x0000000080a00000|100%| O|  |TAMS 0x0000000080a00000, 0x0000000080900000| Complete 
|  10|0x0000000080a00000, 0x0000000080b00000, 0x0000000080b00000|100%| O|  |TAMS 0x0000000080b00000, 0x0000000080a00000| Untracked 
|  11|0x0000000080b00000, 0x0000000080c00000, 0x0000000080c00000|100%|HS|  |TAMS 0x0000000080b00000, 0x0000000080b00000| Complete 
|  12|0x0000000080c00000, 0x0000000080d00000, 0x0000000080d00000|100%| O|  |TAMS 0x0000000080d00000, 0x0000000080c00000| Untracked 
|  13|0x0000000080d00000, 0x0000000080e00000, 0x0000000080e00000|100%| O|  |TAMS 0x0000000080e00000, 0x0000000080d00000| Untracked 
|  14|0x0000000080e00000, 0x0000000080f00000, 0x0000000080f00000|100%| O|  |TAMS 0x0000000080f00000, 0x0000000080e00000| Untracked 
|  15|0x0000000080f00000, 0x0000000081000000, 0x0000000081000000|100%| O|  |TAMS 0x0000000081000000, 0x0000000080f00000| Untracked 
|  16|0x0000000081000000, 0x0000000081100000, 0x0000000081100000|100%| O|  |TAMS 0x0000000081100000, 0x0000000081000000| Complete 
|  17|0x0000000081100000, 0x0000000081200000, 0x0000000081200000|100%|HS|  |TAMS 0x0000000081200000, 0x0000000081100000| Complete 
|  18|0x0000000081200000, 0x0000000081300000, 0x0000000081300000|100%|HS|  |TAMS 0x0000000081300000, 0x0000000081200000| Complete 
|  19|0x0000000081300000, 0x0000000081400000, 0x0000000081400000|100%|HS|  |TAMS 0x0000000081400000, 0x0000000081300000| Complete 
|  20|0x0000000081400000, 0x0000000081500000, 0x0000000081500000|100%|HS|  |TAMS 0x0000000081500000, 0x0000000081400000| Complete 
|  21|0x0000000081500000, 0x0000000081600000, 0x0000000081600000|100%|HC|  |TAMS 0x0000000081600000, 0x0000000081500000| Complete 
|  22|0x0000000081600000, 0x0000000081700000, 0x0000000081700000|100%|HC|  |TAMS 0x0000000081700000, 0x0000000081600000| Complete 
|  23|0x0000000081700000, 0x0000000081800000, 0x0000000081800000|100%|HS|  |TAMS 0x0000000081800000, 0x0000000081700000| Complete 
|  24|0x0000000081800000, 0x0000000081900000, 0x0000000081900000|100%|HC|  |TAMS 0x0000000081900000, 0x0000000081800000| Complete 
|  25|0x0000000081900000, 0x0000000081a00000, 0x0000000081a00000|100%| O|  |TAMS 0x0000000081a00000, 0x0000000081900000| Complete 
|  26|0x0000000081a00000, 0x0000000081b00000, 0x0000000081b00000|100%| O|  |TAMS 0x0000000081b00000, 0x0000000081a00000| Complete 
|  27|0x0000000081b00000, 0x0000000081c00000, 0x0000000081c00000|100%| O|  |TAMS 0x0000000081c00000, 0x0000000081b00000| Untracked 
|  28|0x0000000081c00000, 0x0000000081d00000, 0x0000000081d00000|100%| O|  |TAMS 0x0000000081d00000, 0x0000000081c00000| Complete 
|  29|0x0000000081d00000, 0x0000000081e00000, 0x0000000081e00000|100%| O|  |TAMS 0x0000000081e00000, 0x0000000081d00000| Complete 
|  30|0x0000000081e00000, 0x0000000081f00000, 0x0000000081f00000|100%| O|  |TAMS 0x0000000081f00000, 0x0000000081e00000| Untracked 
|  31|0x0000000081f00000, 0x0000000082000000, 0x0000000082000000|100%| O|  |TAMS 0x0000000082000000, 0x0000000081f00000| Untracked 
|  32|0x0000000082000000, 0x0000000082100000, 0x0000000082100000|100%| O|  |TAMS 0x0000000082100000, 0x0000000082000000| Untracked 
|  33|0x0000000082100000, 0x0000000082200000, 0x0000000082200000|100%| O|  |TAMS 0x0000000082200000, 0x0000000082100000| Complete 
|  34|0x0000000082200000, 0x0000000082300000, 0x0000000082300000|100%| O|  |TAMS 0x0000000082300000, 0x0000000082200000| Untracked 
|  35|0x0000000082300000, 0x0000000082400000, 0x0000000082400000|100%| O|  |TAMS 0x0000000082400000, 0x0000000082300000| Untracked 
|  36|0x0000000082400000, 0x0000000082500000, 0x0000000082500000|100%| O|  |TAMS 0x0000000082500000, 0x0000000082400000| Untracked 
|  37|0x0000000082500000, 0x0000000082600000, 0x0000000082600000|100%| O|  |TAMS 0x0000000082600000, 0x0000000082500000| Untracked 
|  38|0x0000000082600000, 0x0000000082700000, 0x0000000082700000|100%| O|  |TAMS 0x0000000082700000, 0x0000000082600000| Untracked 
|  39|0x0000000082700000, 0x0000000082800000, 0x0000000082800000|100%| O|  |TAMS 0x0000000082800000, 0x0000000082700000| Complete 
|  40|0x0000000082800000, 0x0000000082900000, 0x0000000082900000|100%| O|  |TAMS 0x0000000082900000, 0x0000000082800000| Untracked 
|  41|0x0000000082900000, 0x0000000082a00000, 0x0000000082a00000|100%| O|  |TAMS 0x0000000082a00000, 0x0000000082900000| Complete 
|  42|0x0000000082a00000, 0x0000000082b00000, 0x0000000082b00000|100%| O|  |TAMS 0x0000000082b00000, 0x0000000082a00000| Complete 
|  43|0x0000000082b00000, 0x0000000082c00000, 0x0000000082c00000|100%| O|  |TAMS 0x0000000082c00000, 0x0000000082b00000| Untracked 
|  44|0x0000000082c00000, 0x0000000082d00000, 0x0000000082d00000|100%| O|  |TAMS 0x0000000082d00000, 0x0000000082c00000| Complete 
|  45|0x0000000082d00000, 0x0000000082e00000, 0x0000000082e00000|100%| O|  |TAMS 0x0000000082e00000, 0x0000000082d00000| Complete 
|  46|0x0000000082e00000, 0x0000000082f00000, 0x0000000082f00000|100%| O|  |TAMS 0x0000000082f00000, 0x0000000082e00000| Complete 
|  47|0x0000000082f00000, 0x0000000083000000, 0x0000000083000000|100%| O|  |TAMS 0x0000000083000000, 0x0000000082f00000| Complete 
|  48|0x0000000083000000, 0x0000000083100000, 0x0000000083100000|100%| O|  |TAMS 0x0000000083100000, 0x0000000083000000| Complete 
|  49|0x0000000083100000, 0x0000000083200000, 0x0000000083200000|100%| O|  |TAMS 0x0000000083200000, 0x0000000083100000| Complete 
|  50|0x0000000083200000, 0x0000000083300000, 0x0000000083300000|100%| O|  |TAMS 0x0000000083300000, 0x0000000083200000| Complete 
|  51|0x0000000083300000, 0x0000000083400000, 0x0000000083400000|100%| O|  |TAMS 0x0000000083400000, 0x0000000083300000| Complete 
|  52|0x0000000083400000, 0x0000000083500000, 0x0000000083500000|100%| O|  |TAMS 0x0000000083500000, 0x0000000083400000| Complete 
|  53|0x0000000083500000, 0x0000000083500000, 0x0000000083600000|  0%| F|  |TAMS 0x0000000083500000, 0x0000000083500000| Untracked 
|  54|0x0000000083600000, 0x0000000083700000, 0x0000000083700000|100%| O|  |TAMS 0x0000000083700000, 0x0000000083600000| Complete 
|  55|0x0000000083700000, 0x0000000083800000, 0x0000000083800000|100%| O|  |TAMS 0x0000000083800000, 0x0000000083700000| Complete 
|  56|0x0000000083800000, 0x0000000083900000, 0x0000000083900000|100%| O|  |TAMS 0x0000000083900000, 0x0000000083800000| Complete 
|  57|0x0000000083900000, 0x0000000083a00000, 0x0000000083a00000|100%| O|  |TAMS 0x0000000083a00000, 0x0000000083900000| Complete 
|  58|0x0000000083a00000, 0x0000000083a00000, 0x0000000083b00000|  0%| F|  |TAMS 0x0000000083a00000, 0x0000000083a00000| Untracked 
|  59|0x0000000083b00000, 0x0000000083c00000, 0x0000000083c00000|100%| O|  |TAMS 0x0000000083c00000, 0x0000000083b00000| Complete 
|  60|0x0000000083c00000, 0x0000000083d00000, 0x0000000083d00000|100%| O|  |TAMS 0x0000000083d00000, 0x0000000083c00000| Complete 
|  61|0x0000000083d00000, 0x0000000083e00000, 0x0000000083e00000|100%| O|  |TAMS 0x0000000083e00000, 0x0000000083d00000| Complete 
|  62|0x0000000083e00000, 0x0000000083f00000, 0x0000000083f00000|100%| O|  |TAMS 0x0000000083f00000, 0x0000000083e00000| Complete 
|  63|0x0000000083f00000, 0x0000000084000000, 0x0000000084000000|100%| O|  |TAMS 0x0000000084000000, 0x0000000083f00000| Complete 
|  64|0x0000000084000000, 0x0000000084100000, 0x0000000084100000|100%| O|  |TAMS 0x0000000084100000, 0x0000000084000000| Complete 
|  65|0x0000000084100000, 0x0000000084200000, 0x0000000084200000|100%| O|  |TAMS 0x0000000084200000, 0x0000000084100000| Complete 
|  66|0x0000000084200000, 0x0000000084300000, 0x0000000084300000|100%| O|  |TAMS 0x0000000084300000, 0x0000000084200000| Complete 
|  67|0x0000000084300000, 0x0000000084400000, 0x0000000084400000|100%| O|  |TAMS 0x0000000084400000, 0x0000000084300000| Complete 
|  68|0x0000000084400000, 0x0000000084500000, 0x0000000084500000|100%| O|  |TAMS 0x0000000084500000, 0x0000000084400000| Complete 
|  69|0x0000000084500000, 0x0000000084600000, 0x0000000084600000|100%| O|  |TAMS 0x0000000084600000, 0x0000000084500000| Complete 
|  70|0x0000000084600000, 0x0000000084700000, 0x0000000084700000|100%| O|  |TAMS 0x0000000084700000, 0x0000000084600000| Complete 
|  71|0x0000000084700000, 0x0000000084800000, 0x0000000084800000|100%| O|  |TAMS 0x0000000084800000, 0x0000000084700000| Complete 
|  72|0x0000000084800000, 0x0000000084900000, 0x0000000084900000|100%| O|  |TAMS 0x0000000084900000, 0x0000000084800000| Complete 
|  73|0x0000000084900000, 0x0000000084a00000, 0x0000000084a00000|100%| O|  |TAMS 0x0000000084a00000, 0x0000000084900000| Untracked 
|  74|0x0000000084a00000, 0x0000000084a00000, 0x0000000084b00000|  0%| F|  |TAMS 0x0000000084a00000, 0x0000000084a00000| Untracked 
|  75|0x0000000084b00000, 0x0000000084c00000, 0x0000000084c00000|100%| O|  |TAMS 0x0000000084c00000, 0x0000000084b00000| Complete 
|  76|0x0000000084c00000, 0x0000000084d00000, 0x0000000084d00000|100%| O|  |TAMS 0x0000000084d00000, 0x0000000084c00000| Complete 
|  77|0x0000000084d00000, 0x0000000084e00000, 0x0000000084e00000|100%| O|  |TAMS 0x0000000084e00000, 0x0000000084d00000| Complete 
|  78|0x0000000084e00000, 0x0000000084f00000, 0x0000000084f00000|100%| O|  |TAMS 0x0000000084f00000, 0x0000000084e00000| Complete 
|  79|0x0000000084f00000, 0x0000000085000000, 0x0000000085000000|100%| O|  |TAMS 0x0000000085000000, 0x0000000084f00000| Complete 
|  80|0x0000000085000000, 0x0000000085100000, 0x0000000085100000|100%| O|  |TAMS 0x0000000085100000, 0x0000000085000000| Complete 
|  81|0x0000000085100000, 0x0000000085100000, 0x0000000085200000|  0%| F|  |TAMS 0x0000000085100000, 0x0000000085100000| Untracked 
|  82|0x0000000085200000, 0x0000000085300000, 0x0000000085300000|100%| O|  |TAMS 0x0000000085300000, 0x0000000085200000| Untracked 
|  83|0x0000000085300000, 0x0000000085400000, 0x0000000085400000|100%| O|  |TAMS 0x0000000085400000, 0x0000000085300000| Complete 
|  84|0x0000000085400000, 0x0000000085400000, 0x0000000085500000|  0%| F|  |TAMS 0x0000000085400000, 0x0000000085400000| Untracked 
|  85|0x0000000085500000, 0x0000000085600000, 0x0000000085600000|100%| O|  |TAMS 0x0000000085600000, 0x0000000085500000| Untracked 
|  86|0x0000000085600000, 0x0000000085700000, 0x0000000085700000|100%| O|  |TAMS 0x0000000085700000, 0x0000000085600000| Complete 
|  87|0x0000000085700000, 0x0000000085800000, 0x0000000085800000|100%| O|  |TAMS 0x0000000085800000, 0x0000000085700000| Untracked 
|  88|0x0000000085800000, 0x00000000858ef400, 0x0000000085900000| 93%| O|  |TAMS 0x00000000858ef400, 0x0000000085800000| Untracked 
|  89|0x0000000085900000, 0x0000000085a00000, 0x0000000085a00000|100%|HS|  |TAMS 0x0000000085900000, 0x0000000085900000| Complete 
|  90|0x0000000085a00000, 0x0000000085b00000, 0x0000000085b00000|100%|HC|  |TAMS 0x0000000085a00000, 0x0000000085a00000| Complete 
|  91|0x0000000085b00000, 0x0000000085c00000, 0x0000000085c00000|100%| O|  |TAMS 0x0000000085c00000, 0x0000000085b00000| Complete 
|  92|0x0000000085c00000, 0x0000000085d00000, 0x0000000085d00000|100%| O|  |TAMS 0x0000000085d00000, 0x0000000085c00000| Complete 
|  93|0x0000000085d00000, 0x0000000085e00000, 0x0000000085e00000|100%| O|  |TAMS 0x0000000085e00000, 0x0000000085d00000| Complete 
|  94|0x0000000085e00000, 0x0000000085f00000, 0x0000000085f00000|100%| O|  |TAMS 0x0000000085f00000, 0x0000000085e00000| Complete 
|  95|0x0000000085f00000, 0x0000000086000000, 0x0000000086000000|100%| O|  |TAMS 0x0000000086000000, 0x0000000085f00000| Complete 
|  96|0x0000000086000000, 0x0000000086100000, 0x0000000086100000|100%|HS|  |TAMS 0x0000000086000000, 0x0000000086000000| Complete 
|  97|0x0000000086100000, 0x0000000086200000, 0x0000000086200000|100%|HC|  |TAMS 0x0000000086100000, 0x0000000086100000| Complete 
|  98|0x0000000086200000, 0x0000000086300000, 0x0000000086300000|100%| O|  |TAMS 0x0000000086300000, 0x0000000086200000| Complete 
|  99|0x0000000086300000, 0x0000000086400000, 0x0000000086400000|100%| O|  |TAMS 0x0000000086400000, 0x0000000086300000| Untracked 
| 100|0x0000000086400000, 0x0000000086500000, 0x0000000086500000|100%|HS|  |TAMS 0x0000000086400000, 0x0000000086400000| Complete 
| 101|0x0000000086500000, 0x0000000086600000, 0x0000000086600000|100%|HC|  |TAMS 0x0000000086500000, 0x0000000086500000| Complete 
| 102|0x0000000086600000, 0x0000000086700000, 0x0000000086700000|100%| O|  |TAMS 0x0000000086700000, 0x0000000086600000| Untracked 
| 103|0x0000000086700000, 0x0000000086700000, 0x0000000086800000|  0%| F|  |TAMS 0x0000000086700000, 0x0000000086700000| Untracked 
| 104|0x0000000086800000, 0x0000000086900000, 0x0000000086900000|100%| O|  |TAMS 0x0000000086900000, 0x0000000086800000| Complete 
| 105|0x0000000086900000, 0x0000000086a00000, 0x0000000086a00000|100%|HS|  |TAMS 0x0000000086900000, 0x0000000086900000| Complete 
| 106|0x0000000086a00000, 0x0000000086b00000, 0x0000000086b00000|100%|HC|  |TAMS 0x0000000086a00000, 0x0000000086a00000| Complete 
| 107|0x0000000086b00000, 0x0000000086c00000, 0x0000000086c00000|100%|HS|  |TAMS 0x0000000086b00000, 0x0000000086b00000| Complete 
| 108|0x0000000086c00000, 0x0000000086d00000, 0x0000000086d00000|100%|HC|  |TAMS 0x0000000086c00000, 0x0000000086c00000| Complete 
| 109|0x0000000086d00000, 0x0000000086e00000, 0x0000000086e00000|100%| O|  |TAMS 0x0000000086e00000, 0x0000000086d00000| Untracked 
| 110|0x0000000086e00000, 0x0000000086f00000, 0x0000000086f00000|100%| O|  |TAMS 0x0000000086f00000, 0x0000000086e00000| Untracked 
| 111|0x0000000086f00000, 0x0000000087000000, 0x0000000087000000|100%| O|  |TAMS 0x0000000087000000, 0x0000000086f00000| Complete 
| 112|0x0000000087000000, 0x0000000087000000, 0x0000000087100000|  0%| F|  |TAMS 0x0000000087000000, 0x0000000087000000| Untracked 
| 113|0x0000000087100000, 0x0000000087200000, 0x0000000087200000|100%| O|  |TAMS 0x0000000087200000, 0x0000000087100000| Complete 
| 114|0x0000000087200000, 0x0000000087200000, 0x0000000087300000|  0%| F|  |TAMS 0x0000000087200000, 0x0000000087200000| Untracked 
| 115|0x0000000087300000, 0x0000000087300000, 0x0000000087400000|  0%| F|  |TAMS 0x0000000087300000, 0x0000000087300000| Untracked 
| 116|0x0000000087400000, 0x0000000087400000, 0x0000000087500000|  0%| F|  |TAMS 0x0000000087400000, 0x0000000087400000| Untracked 
| 117|0x0000000087500000, 0x0000000087500000, 0x0000000087600000|  0%| F|  |TAMS 0x0000000087500000, 0x0000000087500000| Untracked 
| 118|0x0000000087600000, 0x0000000087600000, 0x0000000087700000|  0%| F|  |TAMS 0x0000000087600000, 0x0000000087600000| Untracked 
| 119|0x0000000087700000, 0x0000000087700000, 0x0000000087800000|  0%| F|  |TAMS 0x0000000087700000, 0x0000000087700000| Untracked 
| 120|0x0000000087800000, 0x0000000087900000, 0x0000000087900000|100%| O|  |TAMS 0x0000000087900000, 0x0000000087800000| Complete 
| 121|0x0000000087900000, 0x0000000087900000, 0x0000000087a00000|  0%| F|  |TAMS 0x0000000087900000, 0x0000000087900000| Untracked 
| 122|0x0000000087a00000, 0x0000000087a00000, 0x0000000087b00000|  0%| F|  |TAMS 0x0000000087a00000, 0x0000000087a00000| Untracked 
| 123|0x0000000087b00000, 0x0000000087b00000, 0x0000000087c00000|  0%| F|  |TAMS 0x0000000087b00000, 0x0000000087b00000| Untracked 
| 124|0x0000000087c00000, 0x0000000087c00000, 0x0000000087d00000|  0%| F|  |TAMS 0x0000000087c00000, 0x0000000087c00000| Untracked 
| 125|0x0000000087d00000, 0x0000000087d00000, 0x0000000087e00000|  0%| F|  |TAMS 0x0000000087d00000, 0x0000000087d00000| Untracked 
| 126|0x0000000087e00000, 0x0000000087e00000, 0x0000000087f00000|  0%| F|  |TAMS 0x0000000087e00000, 0x0000000087e00000| Untracked 
| 127|0x0000000087f00000, 0x0000000087f00000, 0x0000000088000000|  0%| F|  |TAMS 0x0000000087f00000, 0x0000000087f00000| Untracked 
| 128|0x0000000088000000, 0x0000000088000000, 0x0000000088100000|  0%| F|  |TAMS 0x0000000088000000, 0x0000000088000000| Untracked 
| 129|0x0000000088100000, 0x0000000088100000, 0x0000000088200000|  0%| F|  |TAMS 0x0000000088100000, 0x0000000088100000| Untracked 
| 130|0x0000000088200000, 0x0000000088200000, 0x0000000088300000|  0%| F|  |TAMS 0x0000000088200000, 0x0000000088200000| Untracked 
| 131|0x0000000088300000, 0x0000000088300000, 0x0000000088400000|  0%| F|  |TAMS 0x0000000088300000, 0x0000000088300000| Untracked 
| 132|0x0000000088400000, 0x0000000088400000, 0x0000000088500000|  0%| F|  |TAMS 0x0000000088400000, 0x0000000088400000| Untracked 
| 133|0x0000000088500000, 0x0000000088500000, 0x0000000088600000|  0%| F|  |TAMS 0x0000000088500000, 0x0000000088500000| Untracked 
| 134|0x0000000088600000, 0x0000000088600000, 0x0000000088700000|  0%| F|  |TAMS 0x0000000088600000, 0x0000000088600000| Untracked 
| 135|0x0000000088700000, 0x0000000088700000, 0x0000000088800000|  0%| F|  |TAMS 0x0000000088700000, 0x0000000088700000| Untracked 
| 136|0x0000000088800000, 0x0000000088800000, 0x0000000088900000|  0%| F|  |TAMS 0x0000000088800000, 0x0000000088800000| Untracked 
| 137|0x0000000088900000, 0x0000000088900000, 0x0000000088a00000|  0%| F|  |TAMS 0x0000000088900000, 0x0000000088900000| Untracked 
| 138|0x0000000088a00000, 0x0000000088a00000, 0x0000000088b00000|  0%| F|  |TAMS 0x0000000088a00000, 0x0000000088a00000| Untracked 
| 139|0x0000000088b00000, 0x0000000088b00000, 0x0000000088c00000|  0%| F|  |TAMS 0x0000000088b00000, 0x0000000088b00000| Untracked 
| 140|0x0000000088c00000, 0x0000000088c00000, 0x0000000088d00000|  0%| F|  |TAMS 0x0000000088c00000, 0x0000000088c00000| Untracked 
| 141|0x0000000088d00000, 0x0000000088d00000, 0x0000000088e00000|  0%| F|  |TAMS 0x0000000088d00000, 0x0000000088d00000| Untracked 
| 142|0x0000000088e00000, 0x0000000088e00000, 0x0000000088f00000|  0%| F|  |TAMS 0x0000000088e00000, 0x0000000088e00000| Untracked 
| 143|0x0000000088f00000, 0x0000000088f00000, 0x0000000089000000|  0%| F|  |TAMS 0x0000000088f00000, 0x0000000088f00000| Untracked 
| 144|0x0000000089000000, 0x0000000089000000, 0x0000000089100000|  0%| F|  |TAMS 0x0000000089000000, 0x0000000089000000| Untracked 
| 145|0x0000000089100000, 0x0000000089200000, 0x0000000089200000|100%| O|  |TAMS 0x0000000089200000, 0x0000000089100000| Complete 
| 146|0x0000000089200000, 0x0000000089200000, 0x0000000089300000|  0%| F|  |TAMS 0x0000000089200000, 0x0000000089200000| Untracked 
| 147|0x0000000089300000, 0x0000000089300000, 0x0000000089400000|  0%| F|  |TAMS 0x0000000089300000, 0x0000000089300000| Untracked 
| 148|0x0000000089400000, 0x0000000089400000, 0x0000000089500000|  0%| F|  |TAMS 0x0000000089400000, 0x0000000089400000| Untracked 
| 149|0x0000000089500000, 0x0000000089500000, 0x0000000089600000|  0%| F|  |TAMS 0x0000000089500000, 0x0000000089500000| Untracked 
| 150|0x0000000089600000, 0x0000000089600000, 0x0000000089700000|  0%| F|  |TAMS 0x0000000089600000, 0x0000000089600000| Untracked 
| 151|0x0000000089700000, 0x0000000089700000, 0x0000000089800000|  0%| F|  |TAMS 0x0000000089700000, 0x0000000089700000| Untracked 
| 152|0x0000000089800000, 0x0000000089800000, 0x0000000089900000|  0%| F|  |TAMS 0x0000000089800000, 0x0000000089800000| Untracked 
| 153|0x0000000089900000, 0x0000000089900000, 0x0000000089a00000|  0%| F|  |TAMS 0x0000000089900000, 0x0000000089900000| Untracked 
| 154|0x0000000089a00000, 0x0000000089a00000, 0x0000000089b00000|  0%| F|  |TAMS 0x0000000089a00000, 0x0000000089a00000| Untracked 
| 155|0x0000000089b00000, 0x0000000089b00000, 0x0000000089c00000|  0%| F|  |TAMS 0x0000000089b00000, 0x0000000089b00000| Untracked 
| 156|0x0000000089c00000, 0x0000000089c00000, 0x0000000089d00000|  0%| F|  |TAMS 0x0000000089c00000, 0x0000000089c00000| Untracked 
| 157|0x0000000089d00000, 0x0000000089d00000, 0x0000000089e00000|  0%| F|  |TAMS 0x0000000089d00000, 0x0000000089d00000| Untracked 
| 158|0x0000000089e00000, 0x0000000089e00000, 0x0000000089f00000|  0%| F|  |TAMS 0x0000000089e00000, 0x0000000089e00000| Untracked 
| 159|0x0000000089f00000, 0x0000000089f00000, 0x000000008a000000|  0%| F|  |TAMS 0x0000000089f00000, 0x0000000089f00000| Untracked 
| 160|0x000000008a000000, 0x000000008a000000, 0x000000008a100000|  0%| F|  |TAMS 0x000000008a000000, 0x000000008a000000| Untracked 
| 161|0x000000008a100000, 0x000000008a100000, 0x000000008a200000|  0%| F|  |TAMS 0x000000008a100000, 0x000000008a100000| Untracked 
| 162|0x000000008a200000, 0x000000008a200000, 0x000000008a300000|  0%| F|  |TAMS 0x000000008a200000, 0x000000008a200000| Untracked 
| 163|0x000000008a300000, 0x000000008a300000, 0x000000008a400000|  0%| F|  |TAMS 0x000000008a300000, 0x000000008a300000| Untracked 
| 164|0x000000008a400000, 0x000000008a400000, 0x000000008a500000|  0%| F|  |TAMS 0x000000008a400000, 0x000000008a400000| Untracked 
| 165|0x000000008a500000, 0x000000008a500000, 0x000000008a600000|  0%| F|  |TAMS 0x000000008a500000, 0x000000008a500000| Untracked 
| 166|0x000000008a600000, 0x000000008a600000, 0x000000008a700000|  0%| F|  |TAMS 0x000000008a600000, 0x000000008a600000| Untracked 
| 167|0x000000008a700000, 0x000000008a700000, 0x000000008a800000|  0%| F|  |TAMS 0x000000008a700000, 0x000000008a700000| Untracked 
| 168|0x000000008a800000, 0x000000008a800000, 0x000000008a900000|  0%| F|  |TAMS 0x000000008a800000, 0x000000008a800000| Untracked 
| 169|0x000000008a900000, 0x000000008a900000, 0x000000008aa00000|  0%| F|  |TAMS 0x000000008a900000, 0x000000008a900000| Untracked 
| 170|0x000000008aa00000, 0x000000008aa00000, 0x000000008ab00000|  0%| F|  |TAMS 0x000000008aa00000, 0x000000008aa00000| Untracked 
| 171|0x000000008ab00000, 0x000000008ab00000, 0x000000008ac00000|  0%| F|  |TAMS 0x000000008ab00000, 0x000000008ab00000| Untracked 
| 172|0x000000008ac00000, 0x000000008ac00000, 0x000000008ad00000|  0%| F|  |TAMS 0x000000008ac00000, 0x000000008ac00000| Untracked 
| 173|0x000000008ad00000, 0x000000008ad00000, 0x000000008ae00000|  0%| F|  |TAMS 0x000000008ad00000, 0x000000008ad00000| Untracked 
| 174|0x000000008ae00000, 0x000000008af00000, 0x000000008af00000|100%| O|  |TAMS 0x000000008af00000, 0x000000008ae00000| Complete 
| 175|0x000000008af00000, 0x000000008af00000, 0x000000008b000000|  0%| F|  |TAMS 0x000000008af00000, 0x000000008af00000| Untracked 
| 176|0x000000008b000000, 0x000000008b000000, 0x000000008b100000|  0%| F|  |TAMS 0x000000008b000000, 0x000000008b000000| Untracked 
| 177|0x000000008b100000, 0x000000008b100000, 0x000000008b200000|  0%| F|  |TAMS 0x000000008b100000, 0x000000008b100000| Untracked 
| 178|0x000000008b200000, 0x000000008b200000, 0x000000008b300000|  0%| F|  |TAMS 0x000000008b200000, 0x000000008b200000| Untracked 
| 179|0x000000008b300000, 0x000000008b300000, 0x000000008b400000|  0%| F|  |TAMS 0x000000008b300000, 0x000000008b300000| Untracked 
| 180|0x000000008b400000, 0x000000008b400000, 0x000000008b500000|  0%| F|  |TAMS 0x000000008b400000, 0x000000008b400000| Untracked 
| 181|0x000000008b500000, 0x000000008b500000, 0x000000008b600000|  0%| F|  |TAMS 0x000000008b500000, 0x000000008b500000| Untracked 
| 182|0x000000008b600000, 0x000000008b600000, 0x000000008b700000|  0%| F|  |TAMS 0x000000008b600000, 0x000000008b600000| Untracked 
| 183|0x000000008b700000, 0x000000008b700000, 0x000000008b800000|  0%| F|  |TAMS 0x000000008b700000, 0x000000008b700000| Untracked 
| 184|0x000000008b800000, 0x000000008b800000, 0x000000008b900000|  0%| F|  |TAMS 0x000000008b800000, 0x000000008b800000| Untracked 
| 185|0x000000008b900000, 0x000000008b900000, 0x000000008ba00000|  0%| F|  |TAMS 0x000000008b900000, 0x000000008b900000| Untracked 
| 186|0x000000008ba00000, 0x000000008bb00000, 0x000000008bb00000|100%| O|  |TAMS 0x000000008bb00000, 0x000000008ba00000| Complete 
| 187|0x000000008bb00000, 0x000000008bb00000, 0x000000008bc00000|  0%| F|  |TAMS 0x000000008bb00000, 0x000000008bb00000| Untracked 
| 188|0x000000008bc00000, 0x000000008bc00000, 0x000000008bd00000|  0%| F|  |TAMS 0x000000008bc00000, 0x000000008bc00000| Untracked 
| 189|0x000000008bd00000, 0x000000008bd00000, 0x000000008be00000|  0%| F|  |TAMS 0x000000008bd00000, 0x000000008bd00000| Untracked 
| 190|0x000000008be00000, 0x000000008be00000, 0x000000008bf00000|  0%| F|  |TAMS 0x000000008be00000, 0x000000008be00000| Untracked 
| 191|0x000000008bf00000, 0x000000008bf00000, 0x000000008c000000|  0%| F|  |TAMS 0x000000008bf00000, 0x000000008bf00000| Untracked 
| 192|0x000000008c000000, 0x000000008c000000, 0x000000008c100000|  0%| F|  |TAMS 0x000000008c000000, 0x000000008c000000| Untracked 
| 193|0x000000008c100000, 0x000000008c100000, 0x000000008c200000|  0%| F|  |TAMS 0x000000008c100000, 0x000000008c100000| Untracked 
| 194|0x000000008c200000, 0x000000008c200000, 0x000000008c300000|  0%| F|  |TAMS 0x000000008c200000, 0x000000008c200000| Untracked 
| 195|0x000000008c300000, 0x000000008c300000, 0x000000008c400000|  0%| F|  |TAMS 0x000000008c300000, 0x000000008c300000| Untracked 
| 196|0x000000008c400000, 0x000000008c400000, 0x000000008c500000|  0%| F|  |TAMS 0x000000008c400000, 0x000000008c400000| Untracked 
| 197|0x000000008c500000, 0x000000008c500000, 0x000000008c600000|  0%| F|  |TAMS 0x000000008c500000, 0x000000008c500000| Untracked 
| 198|0x000000008c600000, 0x000000008c600000, 0x000000008c700000|  0%| F|  |TAMS 0x000000008c600000, 0x000000008c600000| Untracked 
| 199|0x000000008c700000, 0x000000008c700000, 0x000000008c800000|  0%| F|  |TAMS 0x000000008c700000, 0x000000008c700000| Untracked 
| 200|0x000000008c800000, 0x000000008c800000, 0x000000008c900000|  0%| F|  |TAMS 0x000000008c800000, 0x000000008c800000| Untracked 
| 201|0x000000008c900000, 0x000000008c900000, 0x000000008ca00000|  0%| F|  |TAMS 0x000000008c900000, 0x000000008c900000| Untracked 
| 202|0x000000008ca00000, 0x000000008ca00000, 0x000000008cb00000|  0%| F|  |TAMS 0x000000008ca00000, 0x000000008ca00000| Untracked 
| 203|0x000000008cb00000, 0x000000008cb00000, 0x000000008cc00000|  0%| F|  |TAMS 0x000000008cb00000, 0x000000008cb00000| Untracked 
| 204|0x000000008cc00000, 0x000000008cc00000, 0x000000008cd00000|  0%| F|  |TAMS 0x000000008cc00000, 0x000000008cc00000| Untracked 
| 205|0x000000008cd00000, 0x000000008cd00000, 0x000000008ce00000|  0%| F|  |TAMS 0x000000008cd00000, 0x000000008cd00000| Untracked 
| 206|0x000000008ce00000, 0x000000008ce00000, 0x000000008cf00000|  0%| F|  |TAMS 0x000000008ce00000, 0x000000008ce00000| Untracked 
| 207|0x000000008cf00000, 0x000000008d000000, 0x000000008d000000|100%| O|  |TAMS 0x000000008d000000, 0x000000008cf00000| Untracked 
| 208|0x000000008d000000, 0x000000008d100000, 0x000000008d100000|100%| O|  |TAMS 0x000000008d100000, 0x000000008d000000| Complete 
| 209|0x000000008d100000, 0x000000008d100000, 0x000000008d200000|  0%| F|  |TAMS 0x000000008d100000, 0x000000008d100000| Untracked 
| 210|0x000000008d200000, 0x000000008d300000, 0x000000008d300000|100%| O|  |TAMS 0x000000008d300000, 0x000000008d200000| Complete 
| 211|0x000000008d300000, 0x000000008d300000, 0x000000008d400000|  0%| F|  |TAMS 0x000000008d300000, 0x000000008d300000| Untracked 
| 212|0x000000008d400000, 0x000000008d400000, 0x000000008d500000|  0%| F|  |TAMS 0x000000008d400000, 0x000000008d400000| Untracked 
| 213|0x000000008d500000, 0x000000008d500000, 0x000000008d600000|  0%| F|  |TAMS 0x000000008d500000, 0x000000008d500000| Untracked 
| 214|0x000000008d600000, 0x000000008d600000, 0x000000008d700000|  0%| F|  |TAMS 0x000000008d600000, 0x000000008d600000| Untracked 
| 215|0x000000008d700000, 0x000000008d700000, 0x000000008d800000|  0%| F|  |TAMS 0x000000008d700000, 0x000000008d700000| Untracked 
| 216|0x000000008d800000, 0x000000008d800000, 0x000000008d900000|  0%| F|  |TAMS 0x000000008d800000, 0x000000008d800000| Untracked 
| 217|0x000000008d900000, 0x000000008d900000, 0x000000008da00000|  0%| F|  |TAMS 0x000000008d900000, 0x000000008d900000| Untracked 
| 218|0x000000008da00000, 0x000000008da00000, 0x000000008db00000|  0%| F|  |TAMS 0x000000008da00000, 0x000000008da00000| Untracked 
| 219|0x000000008db00000, 0x000000008db00000, 0x000000008dc00000|  0%| F|  |TAMS 0x000000008db00000, 0x000000008db00000| Untracked 
| 220|0x000000008dc00000, 0x000000008dc00000, 0x000000008dd00000|  0%| F|  |TAMS 0x000000008dc00000, 0x000000008dc00000| Untracked 
| 221|0x000000008dd00000, 0x000000008dd00000, 0x000000008de00000|  0%| F|  |TAMS 0x000000008dd00000, 0x000000008dd00000| Untracked 
| 222|0x000000008de00000, 0x000000008de00000, 0x000000008df00000|  0%| F|  |TAMS 0x000000008de00000, 0x000000008de00000| Untracked 
| 223|0x000000008df00000, 0x000000008df00000, 0x000000008e000000|  0%| F|  |TAMS 0x000000008df00000, 0x000000008df00000| Untracked 
| 224|0x000000008e000000, 0x000000008e000000, 0x000000008e100000|  0%| F|  |TAMS 0x000000008e000000, 0x000000008e000000| Untracked 
| 225|0x000000008e100000, 0x000000008e100000, 0x000000008e200000|  0%| F|  |TAMS 0x000000008e100000, 0x000000008e100000| Untracked 
| 226|0x000000008e200000, 0x000000008e200000, 0x000000008e300000|  0%| F|  |TAMS 0x000000008e200000, 0x000000008e200000| Untracked 
| 227|0x000000008e300000, 0x000000008e300000, 0x000000008e400000|  0%| F|  |TAMS 0x000000008e300000, 0x000000008e300000| Untracked 
| 228|0x000000008e400000, 0x000000008e400000, 0x000000008e500000|  0%| F|  |TAMS 0x000000008e400000, 0x000000008e400000| Untracked 
| 229|0x000000008e500000, 0x000000008e500000, 0x000000008e600000|  0%| F|  |TAMS 0x000000008e500000, 0x000000008e500000| Untracked 
| 230|0x000000008e600000, 0x000000008e600000, 0x000000008e700000|  0%| F|  |TAMS 0x000000008e600000, 0x000000008e600000| Untracked 
| 231|0x000000008e700000, 0x000000008e700000, 0x000000008e800000|  0%| F|  |TAMS 0x000000008e700000, 0x000000008e700000| Untracked 
| 232|0x000000008e800000, 0x000000008e800000, 0x000000008e900000|  0%| F|  |TAMS 0x000000008e800000, 0x000000008e800000| Untracked 
| 233|0x000000008e900000, 0x000000008e900000, 0x000000008ea00000|  0%| F|  |TAMS 0x000000008e900000, 0x000000008e900000| Untracked 
| 234|0x000000008ea00000, 0x000000008ea00000, 0x000000008eb00000|  0%| F|  |TAMS 0x000000008ea00000, 0x000000008ea00000| Untracked 
| 235|0x000000008eb00000, 0x000000008eb00000, 0x000000008ec00000|  0%| F|  |TAMS 0x000000008eb00000, 0x000000008eb00000| Untracked 
| 236|0x000000008ec00000, 0x000000008ec00000, 0x000000008ed00000|  0%| F|  |TAMS 0x000000008ec00000, 0x000000008ec00000| Untracked 
| 237|0x000000008ed00000, 0x000000008ed00000, 0x000000008ee00000|  0%| F|  |TAMS 0x000000008ed00000, 0x000000008ed00000| Untracked 
| 238|0x000000008ee00000, 0x000000008ee00000, 0x000000008ef00000|  0%| F|  |TAMS 0x000000008ee00000, 0x000000008ee00000| Untracked 
| 239|0x000000008ef00000, 0x000000008ef00000, 0x000000008f000000|  0%| F|  |TAMS 0x000000008ef00000, 0x000000008ef00000| Untracked 
| 240|0x000000008f000000, 0x000000008f000000, 0x000000008f100000|  0%| F|  |TAMS 0x000000008f000000, 0x000000008f000000| Untracked 
| 241|0x000000008f100000, 0x000000008f100000, 0x000000008f200000|  0%| F|  |TAMS 0x000000008f100000, 0x000000008f100000| Untracked 
| 242|0x000000008f200000, 0x000000008f200000, 0x000000008f300000|  0%| F|  |TAMS 0x000000008f200000, 0x000000008f200000| Untracked 
| 243|0x000000008f300000, 0x000000008f300000, 0x000000008f400000|  0%| F|  |TAMS 0x000000008f300000, 0x000000008f300000| Untracked 
| 244|0x000000008f400000, 0x000000008f400000, 0x000000008f500000|  0%| F|  |TAMS 0x000000008f400000, 0x000000008f400000| Untracked 
| 245|0x000000008f500000, 0x000000008f500000, 0x000000008f600000|  0%| F|  |TAMS 0x000000008f500000, 0x000000008f500000| Untracked 
| 246|0x000000008f600000, 0x000000008f600000, 0x000000008f700000|  0%| F|  |TAMS 0x000000008f600000, 0x000000008f600000| Untracked 
| 247|0x000000008f700000, 0x000000008f700000, 0x000000008f800000|  0%| F|  |TAMS 0x000000008f700000, 0x000000008f700000| Untracked 
| 248|0x000000008f800000, 0x000000008f800000, 0x000000008f900000|  0%| F|  |TAMS 0x000000008f800000, 0x000000008f800000| Untracked 
| 249|0x000000008f900000, 0x000000008f900000, 0x000000008fa00000|  0%| F|  |TAMS 0x000000008f900000, 0x000000008f900000| Untracked 
| 250|0x000000008fa00000, 0x000000008fa00000, 0x000000008fb00000|  0%| F|  |TAMS 0x000000008fa00000, 0x000000008fa00000| Untracked 
| 251|0x000000008fb00000, 0x000000008fb00000, 0x000000008fc00000|  0%| F|  |TAMS 0x000000008fb00000, 0x000000008fb00000| Untracked 
| 252|0x000000008fc00000, 0x000000008fc00000, 0x000000008fd00000|  0%| F|  |TAMS 0x000000008fc00000, 0x000000008fc00000| Untracked 
| 253|0x000000008fd00000, 0x000000008fd00000, 0x000000008fe00000|  0%| F|  |TAMS 0x000000008fd00000, 0x000000008fd00000| Untracked 
| 254|0x000000008fe00000, 0x000000008fe00000, 0x000000008ff00000|  0%| F|  |TAMS 0x000000008fe00000, 0x000000008fe00000| Untracked 
| 255|0x000000008ff00000, 0x000000008ff00000, 0x0000000090000000|  0%| F|  |TAMS 0x000000008ff00000, 0x000000008ff00000| Untracked 
| 256|0x0000000090000000, 0x0000000090000000, 0x0000000090100000|  0%| F|  |TAMS 0x0000000090000000, 0x0000000090000000| Untracked 
| 257|0x0000000090100000, 0x0000000090100000, 0x0000000090200000|  0%| F|  |TAMS 0x0000000090100000, 0x0000000090100000| Untracked 
| 258|0x0000000090200000, 0x0000000090200000, 0x0000000090300000|  0%| F|  |TAMS 0x0000000090200000, 0x0000000090200000| Untracked 
| 259|0x0000000090300000, 0x0000000090300000, 0x0000000090400000|  0%| F|  |TAMS 0x0000000090300000, 0x0000000090300000| Untracked 
| 260|0x0000000090400000, 0x0000000090400000, 0x0000000090500000|  0%| F|  |TAMS 0x0000000090400000, 0x0000000090400000| Untracked 
| 261|0x0000000090500000, 0x0000000090500000, 0x0000000090600000|  0%| F|  |TAMS 0x0000000090500000, 0x0000000090500000| Untracked 
| 262|0x0000000090600000, 0x0000000090600000, 0x0000000090700000|  0%| F|  |TAMS 0x0000000090600000, 0x0000000090600000| Untracked 
| 263|0x0000000090700000, 0x0000000090700000, 0x0000000090800000|  0%| F|  |TAMS 0x0000000090700000, 0x0000000090700000| Untracked 
| 264|0x0000000090800000, 0x0000000090800000, 0x0000000090900000|  0%| F|  |TAMS 0x0000000090800000, 0x0000000090800000| Untracked 
| 265|0x0000000090900000, 0x0000000090900000, 0x0000000090a00000|  0%| F|  |TAMS 0x0000000090900000, 0x0000000090900000| Untracked 
| 266|0x0000000090a00000, 0x0000000090a00000, 0x0000000090b00000|  0%| F|  |TAMS 0x0000000090a00000, 0x0000000090a00000| Untracked 
| 267|0x0000000090b00000, 0x0000000090b00000, 0x0000000090c00000|  0%| F|  |TAMS 0x0000000090b00000, 0x0000000090b00000| Untracked 
| 268|0x0000000090c00000, 0x0000000090c00000, 0x0000000090d00000|  0%| F|  |TAMS 0x0000000090c00000, 0x0000000090c00000| Untracked 
| 269|0x0000000090d00000, 0x0000000090d00000, 0x0000000090e00000|  0%| F|  |TAMS 0x0000000090d00000, 0x0000000090d00000| Untracked 
| 270|0x0000000090e00000, 0x0000000090e00000, 0x0000000090f00000|  0%| F|  |TAMS 0x0000000090e00000, 0x0000000090e00000| Untracked 
| 271|0x0000000090f00000, 0x0000000090f00000, 0x0000000091000000|  0%| F|  |TAMS 0x0000000090f00000, 0x0000000090f00000| Untracked 
| 272|0x0000000091000000, 0x0000000091000000, 0x0000000091100000|  0%| F|  |TAMS 0x0000000091000000, 0x0000000091000000| Untracked 
| 273|0x0000000091100000, 0x0000000091100000, 0x0000000091200000|  0%| F|  |TAMS 0x0000000091100000, 0x0000000091100000| Untracked 
| 274|0x0000000091200000, 0x0000000091200000, 0x0000000091300000|  0%| F|  |TAMS 0x0000000091200000, 0x0000000091200000| Untracked 
| 275|0x0000000091300000, 0x0000000091300000, 0x0000000091400000|  0%| F|  |TAMS 0x0000000091300000, 0x0000000091300000| Untracked 
| 276|0x0000000091400000, 0x0000000091400000, 0x0000000091500000|  0%| F|  |TAMS 0x0000000091400000, 0x0000000091400000| Untracked 
| 277|0x0000000091500000, 0x0000000091500000, 0x0000000091600000|  0%| F|  |TAMS 0x0000000091500000, 0x0000000091500000| Untracked 
| 278|0x0000000091600000, 0x0000000091600000, 0x0000000091700000|  0%| F|  |TAMS 0x0000000091600000, 0x0000000091600000| Untracked 
| 279|0x0000000091700000, 0x0000000091700000, 0x0000000091800000|  0%| F|  |TAMS 0x0000000091700000, 0x0000000091700000| Untracked 
| 280|0x0000000091800000, 0x0000000091800000, 0x0000000091900000|  0%| F|  |TAMS 0x0000000091800000, 0x0000000091800000| Untracked 
| 281|0x0000000091900000, 0x0000000091900000, 0x0000000091a00000|  0%| F|  |TAMS 0x0000000091900000, 0x0000000091900000| Untracked 
| 282|0x0000000091a00000, 0x0000000091a00000, 0x0000000091b00000|  0%| F|  |TAMS 0x0000000091a00000, 0x0000000091a00000| Untracked 
| 283|0x0000000091b00000, 0x0000000091b00000, 0x0000000091c00000|  0%| F|  |TAMS 0x0000000091b00000, 0x0000000091b00000| Untracked 
| 284|0x0000000091c00000, 0x0000000091c00000, 0x0000000091d00000|  0%| F|  |TAMS 0x0000000091c00000, 0x0000000091c00000| Untracked 
| 285|0x0000000091d00000, 0x0000000091d00000, 0x0000000091e00000|  0%| F|  |TAMS 0x0000000091d00000, 0x0000000091d00000| Untracked 
| 286|0x0000000091e00000, 0x0000000091e00000, 0x0000000091f00000|  0%| F|  |TAMS 0x0000000091e00000, 0x0000000091e00000| Untracked 
| 287|0x0000000091f00000, 0x0000000091f00000, 0x0000000092000000|  0%| F|  |TAMS 0x0000000091f00000, 0x0000000091f00000| Untracked 
| 288|0x0000000092000000, 0x0000000092000000, 0x0000000092100000|  0%| F|  |TAMS 0x0000000092000000, 0x0000000092000000| Untracked 
| 289|0x0000000092100000, 0x0000000092100000, 0x0000000092200000|  0%| F|  |TAMS 0x0000000092100000, 0x0000000092100000| Untracked 
| 290|0x0000000092200000, 0x0000000092200000, 0x0000000092300000|  0%| F|  |TAMS 0x0000000092200000, 0x0000000092200000| Untracked 
| 291|0x0000000092300000, 0x0000000092300000, 0x0000000092400000|  0%| F|  |TAMS 0x0000000092300000, 0x0000000092300000| Untracked 
| 292|0x0000000092400000, 0x0000000092400000, 0x0000000092500000|  0%| F|  |TAMS 0x0000000092400000, 0x0000000092400000| Untracked 
| 293|0x0000000092500000, 0x0000000092500000, 0x0000000092600000|  0%| F|  |TAMS 0x0000000092500000, 0x0000000092500000| Untracked 
| 294|0x0000000092600000, 0x0000000092600000, 0x0000000092700000|  0%| F|  |TAMS 0x0000000092600000, 0x0000000092600000| Untracked 
| 295|0x0000000092700000, 0x0000000092700000, 0x0000000092800000|  0%| F|  |TAMS 0x0000000092700000, 0x0000000092700000| Untracked 
| 296|0x0000000092800000, 0x0000000092800000, 0x0000000092900000|  0%| F|  |TAMS 0x0000000092800000, 0x0000000092800000| Untracked 
| 297|0x0000000092900000, 0x0000000092900000, 0x0000000092a00000|  0%| F|  |TAMS 0x0000000092900000, 0x0000000092900000| Untracked 
| 298|0x0000000092a00000, 0x0000000092a00000, 0x0000000092b00000|  0%| F|  |TAMS 0x0000000092a00000, 0x0000000092a00000| Untracked 
| 299|0x0000000092b00000, 0x0000000092b00000, 0x0000000092c00000|  0%| F|  |TAMS 0x0000000092b00000, 0x0000000092b00000| Untracked 
| 300|0x0000000092c00000, 0x0000000092c00000, 0x0000000092d00000|  0%| F|  |TAMS 0x0000000092c00000, 0x0000000092c00000| Untracked 
| 301|0x0000000092d00000, 0x0000000092d00000, 0x0000000092e00000|  0%| F|  |TAMS 0x0000000092d00000, 0x0000000092d00000| Untracked 
| 302|0x0000000092e00000, 0x0000000092e00000, 0x0000000092f00000|  0%| F|  |TAMS 0x0000000092e00000, 0x0000000092e00000| Untracked 
| 303|0x0000000092f00000, 0x0000000092f00000, 0x0000000093000000|  0%| F|  |TAMS 0x0000000092f00000, 0x0000000092f00000| Untracked 
| 304|0x0000000093000000, 0x0000000093000000, 0x0000000093100000|  0%| F|  |TAMS 0x0000000093000000, 0x0000000093000000| Untracked 
| 305|0x0000000093100000, 0x0000000093100000, 0x0000000093200000|  0%| F|  |TAMS 0x0000000093100000, 0x0000000093100000| Untracked 
| 306|0x0000000093200000, 0x0000000093200000, 0x0000000093300000|  0%| F|  |TAMS 0x0000000093200000, 0x0000000093200000| Untracked 
| 307|0x0000000093300000, 0x0000000093300000, 0x0000000093400000|  0%| F|  |TAMS 0x0000000093300000, 0x0000000093300000| Untracked 
| 308|0x0000000093400000, 0x0000000093400000, 0x0000000093500000|  0%| F|  |TAMS 0x0000000093400000, 0x0000000093400000| Untracked 
| 309|0x0000000093500000, 0x00000000935cde40, 0x0000000093600000| 80%| S|CS|TAMS 0x0000000093500000, 0x0000000093500000| Complete 
| 310|0x0000000093600000, 0x0000000093700000, 0x0000000093700000|100%| S|CS|TAMS 0x0000000093600000, 0x0000000093600000| Complete 
| 311|0x0000000093700000, 0x0000000093800000, 0x0000000093800000|100%| S|CS|TAMS 0x0000000093700000, 0x0000000093700000| Complete 
| 312|0x0000000093800000, 0x0000000093900000, 0x0000000093900000|100%| S|CS|TAMS 0x0000000093800000, 0x0000000093800000| Complete 
| 313|0x0000000093900000, 0x0000000093a00000, 0x0000000093a00000|100%| S|CS|TAMS 0x0000000093900000, 0x0000000093900000| Complete 
| 314|0x0000000093a00000, 0x0000000093a00000, 0x0000000093b00000|  0%| F|  |TAMS 0x0000000093a00000, 0x0000000093a00000| Untracked 
| 315|0x0000000093b00000, 0x0000000093b00000, 0x0000000093c00000|  0%| F|  |TAMS 0x0000000093b00000, 0x0000000093b00000| Untracked 
| 316|0x0000000093c00000, 0x0000000093c00000, 0x0000000093d00000|  0%| F|  |TAMS 0x0000000093c00000, 0x0000000093c00000| Untracked 
| 317|0x0000000093d00000, 0x0000000093d00000, 0x0000000093e00000|  0%| F|  |TAMS 0x0000000093d00000, 0x0000000093d00000| Untracked 
| 318|0x0000000093e00000, 0x0000000093e00000, 0x0000000093f00000|  0%| F|  |TAMS 0x0000000093e00000, 0x0000000093e00000| Untracked 
| 319|0x0000000093f00000, 0x0000000093f00000, 0x0000000094000000|  0%| F|  |TAMS 0x0000000093f00000, 0x0000000093f00000| Untracked 
| 320|0x0000000094000000, 0x0000000094000000, 0x0000000094100000|  0%| F|  |TAMS 0x0000000094000000, 0x0000000094000000| Untracked 
| 321|0x0000000094100000, 0x0000000094100000, 0x0000000094200000|  0%| F|  |TAMS 0x0000000094100000, 0x0000000094100000| Untracked 
| 322|0x0000000094200000, 0x0000000094200000, 0x0000000094300000|  0%| F|  |TAMS 0x0000000094200000, 0x0000000094200000| Untracked 
| 323|0x0000000094300000, 0x0000000094300000, 0x0000000094400000|  0%| F|  |TAMS 0x0000000094300000, 0x0000000094300000| Untracked 
| 324|0x0000000094400000, 0x0000000094400000, 0x0000000094500000|  0%| F|  |TAMS 0x0000000094400000, 0x0000000094400000| Untracked 
| 325|0x0000000094500000, 0x0000000094500000, 0x0000000094600000|  0%| F|  |TAMS 0x0000000094500000, 0x0000000094500000| Untracked 
| 326|0x0000000094600000, 0x0000000094600000, 0x0000000094700000|  0%| F|  |TAMS 0x0000000094600000, 0x0000000094600000| Untracked 
| 327|0x0000000094700000, 0x0000000094700000, 0x0000000094800000|  0%| F|  |TAMS 0x0000000094700000, 0x0000000094700000| Untracked 
| 328|0x0000000094800000, 0x0000000094800000, 0x0000000094900000|  0%| F|  |TAMS 0x0000000094800000, 0x0000000094800000| Untracked 
| 329|0x0000000094900000, 0x0000000094900000, 0x0000000094a00000|  0%| F|  |TAMS 0x0000000094900000, 0x0000000094900000| Untracked 
| 330|0x0000000094a00000, 0x0000000094a3cf88, 0x0000000094b00000| 23%| E|  |TAMS 0x0000000094a00000, 0x0000000094a00000| Complete 
| 331|0x0000000094b00000, 0x0000000094c00000, 0x0000000094c00000|100%| E|CS|TAMS 0x0000000094b00000, 0x0000000094b00000| Complete 
| 332|0x0000000094c00000, 0x0000000094d00000, 0x0000000094d00000|100%| E|CS|TAMS 0x0000000094c00000, 0x0000000094c00000| Complete 
| 333|0x0000000094d00000, 0x0000000094e00000, 0x0000000094e00000|100%| E|CS|TAMS 0x0000000094d00000, 0x0000000094d00000| Complete 
| 334|0x0000000094e00000, 0x0000000094f00000, 0x0000000094f00000|100%| E|CS|TAMS 0x0000000094e00000, 0x0000000094e00000| Complete 
| 335|0x0000000094f00000, 0x0000000095000000, 0x0000000095000000|100%| E|CS|TAMS 0x0000000094f00000, 0x0000000094f00000| Complete 
| 336|0x0000000095000000, 0x0000000095100000, 0x0000000095100000|100%| E|CS|TAMS 0x0000000095000000, 0x0000000095000000| Complete 
| 337|0x0000000095100000, 0x0000000095200000, 0x0000000095200000|100%| E|CS|TAMS 0x0000000095100000, 0x0000000095100000| Complete 
| 338|0x0000000095200000, 0x0000000095300000, 0x0000000095300000|100%| E|CS|TAMS 0x0000000095200000, 0x0000000095200000| Complete 
| 339|0x0000000095300000, 0x0000000095400000, 0x0000000095400000|100%| E|CS|TAMS 0x0000000095300000, 0x0000000095300000| Complete 
| 340|0x0000000095400000, 0x0000000095500000, 0x0000000095500000|100%| E|CS|TAMS 0x0000000095400000, 0x0000000095400000| Complete 
| 341|0x0000000095500000, 0x0000000095600000, 0x0000000095600000|100%| E|CS|TAMS 0x0000000095500000, 0x0000000095500000| Complete 
| 342|0x0000000095600000, 0x0000000095700000, 0x0000000095700000|100%| E|CS|TAMS 0x0000000095600000, 0x0000000095600000| Complete 
| 343|0x0000000095700000, 0x0000000095800000, 0x0000000095800000|100%| E|CS|TAMS 0x0000000095700000, 0x0000000095700000| Complete 
| 344|0x0000000095800000, 0x0000000095900000, 0x0000000095900000|100%| E|CS|TAMS 0x0000000095800000, 0x0000000095800000| Complete 
| 345|0x0000000095900000, 0x0000000095a00000, 0x0000000095a00000|100%| E|CS|TAMS 0x0000000095900000, 0x0000000095900000| Complete 
| 346|0x0000000095a00000, 0x0000000095b00000, 0x0000000095b00000|100%| E|CS|TAMS 0x0000000095a00000, 0x0000000095a00000| Complete 
| 347|0x0000000095b00000, 0x0000000095c00000, 0x0000000095c00000|100%| E|CS|TAMS 0x0000000095b00000, 0x0000000095b00000| Complete 
| 348|0x0000000095c00000, 0x0000000095d00000, 0x0000000095d00000|100%| E|CS|TAMS 0x0000000095c00000, 0x0000000095c00000| Complete 
| 349|0x0000000095d00000, 0x0000000095e00000, 0x0000000095e00000|100%| E|CS|TAMS 0x0000000095d00000, 0x0000000095d00000| Complete 
| 350|0x0000000095e00000, 0x0000000095f00000, 0x0000000095f00000|100%| E|CS|TAMS 0x0000000095e00000, 0x0000000095e00000| Complete 
| 351|0x0000000095f00000, 0x0000000096000000, 0x0000000096000000|100%| E|CS|TAMS 0x0000000095f00000, 0x0000000095f00000| Complete 
| 352|0x0000000096000000, 0x0000000096100000, 0x0000000096100000|100%| E|CS|TAMS 0x0000000096000000, 0x0000000096000000| Complete 
| 353|0x0000000096100000, 0x0000000096200000, 0x0000000096200000|100%| E|CS|TAMS 0x0000000096100000, 0x0000000096100000| Complete 
| 354|0x0000000096200000, 0x0000000096300000, 0x0000000096300000|100%| E|CS|TAMS 0x0000000096200000, 0x0000000096200000| Complete 
| 355|0x0000000096300000, 0x0000000096400000, 0x0000000096400000|100%| E|CS|TAMS 0x0000000096300000, 0x0000000096300000| Complete 
| 356|0x0000000096400000, 0x0000000096500000, 0x0000000096500000|100%| E|CS|TAMS 0x0000000096400000, 0x0000000096400000| Complete 
| 357|0x0000000096500000, 0x0000000096600000, 0x0000000096600000|100%| E|CS|TAMS 0x0000000096500000, 0x0000000096500000| Complete 
| 358|0x0000000096600000, 0x0000000096700000, 0x0000000096700000|100%| E|CS|TAMS 0x0000000096600000, 0x0000000096600000| Complete 
| 359|0x0000000096700000, 0x0000000096800000, 0x0000000096800000|100%| E|CS|TAMS 0x0000000096700000, 0x0000000096700000| Complete 
| 360|0x0000000096800000, 0x0000000096900000, 0x0000000096900000|100%| E|CS|TAMS 0x0000000096800000, 0x0000000096800000| Complete 
| 361|0x0000000096900000, 0x0000000096a00000, 0x0000000096a00000|100%| E|CS|TAMS 0x0000000096900000, 0x0000000096900000| Complete 
| 362|0x0000000096a00000, 0x0000000096b00000, 0x0000000096b00000|100%| E|CS|TAMS 0x0000000096a00000, 0x0000000096a00000| Complete 
| 363|0x0000000096b00000, 0x0000000096c00000, 0x0000000096c00000|100%| E|CS|TAMS 0x0000000096b00000, 0x0000000096b00000| Complete 
| 364|0x0000000096c00000, 0x0000000096d00000, 0x0000000096d00000|100%| E|CS|TAMS 0x0000000096c00000, 0x0000000096c00000| Complete 
| 365|0x0000000096d00000, 0x0000000096e00000, 0x0000000096e00000|100%| E|CS|TAMS 0x0000000096d00000, 0x0000000096d00000| Complete 
| 366|0x0000000096e00000, 0x0000000096f00000, 0x0000000096f00000|100%| E|CS|TAMS 0x0000000096e00000, 0x0000000096e00000| Complete 
| 367|0x0000000096f00000, 0x0000000097000000, 0x0000000097000000|100%| E|CS|TAMS 0x0000000096f00000, 0x0000000096f00000| Complete 
| 368|0x0000000097000000, 0x0000000097100000, 0x0000000097100000|100%| E|CS|TAMS 0x0000000097000000, 0x0000000097000000| Complete 
| 369|0x0000000097100000, 0x0000000097200000, 0x0000000097200000|100%| E|CS|TAMS 0x0000000097100000, 0x0000000097100000| Complete 
| 370|0x0000000097200000, 0x0000000097300000, 0x0000000097300000|100%| E|CS|TAMS 0x0000000097200000, 0x0000000097200000| Complete 
| 371|0x0000000097300000, 0x0000000097400000, 0x0000000097400000|100%| E|CS|TAMS 0x0000000097300000, 0x0000000097300000| Complete 

Card table byte_map: [0x0000019e32c70000,0x0000019e33070000] _byte_map_base: 0x0000019e32870000

Marking Bits (Prev, Next): (CMBitMap*) 0x0000019e1db6e328, (CMBitMap*) 0x0000019e1db6e360
 Prev Bits: [0x0000019e33470000, 0x0000019e35470000)
 Next Bits: [0x0000019e35470000, 0x0000019e37470000)

Polling page: 0x0000019e1dc10000

Metaspace:

Usage:
  Non-class:    114.03 MB capacity,   111.88 MB ( 98%) used,     1.73 MB (  2%) free+waste,   437.69 KB ( <1%) overhead. 
      Class:     17.20 MB capacity,    15.94 MB ( 93%) used,     1.08 MB (  6%) free+waste,   188.44 KB (  1%) overhead. 
       Both:    131.23 MB capacity,   127.81 MB ( 97%) used,     2.81 MB (  2%) free+waste,   626.13 KB ( <1%) overhead. 

Virtual space:
  Non-class space:      116.00 MB reserved,     114.25 MB ( 98%) committed 
      Class space:        1.00 GB reserved,      17.32 MB (  2%) committed 
             Both:        1.11 GB reserved,     131.57 MB ( 12%) committed 

Chunk freelists:
   Non-Class:  2.00 KB
       Class:  83.00 KB
        Both:  85.00 KB

MaxMetaspaceSize: 17179869184.00 GB
CompressedClassSpaceSize: 1.00 GB

CodeHeap 'non-profiled nmethods': size=120000Kb used=19195Kb max_used=19195Kb free=100805Kb
 bounds [0x0000019e2a8e0000, 0x0000019e2bbb0000, 0x0000019e31e10000]
CodeHeap 'profiled nmethods': size=120000Kb used=49121Kb max_used=49121Kb free=70878Kb
 bounds [0x0000019e233b0000, 0x0000019e263e0000, 0x0000019e2a8e0000]
CodeHeap 'non-nmethods': size=5760Kb used=2388Kb max_used=2469Kb free=3371Kb
 bounds [0x0000019e22e10000, 0x0000019e23090000, 0x0000019e233b0000]
 total_blobs=23558 nmethods=22533 adapters=934
 compilation: enabled
              stopped_count=0, restarted_count=0
 full_count=0

Compilation events (20 events):
Event: 5235.381 Thread 0x0000019e3a804800 26302       3       com.google.common.base.CharMatcher$InRange::matches (22 bytes)
Event: 5235.382 Thread 0x0000019e3a804800 nmethod 26302 0x0000019e25198990 code [0x0000019e25198b40, 0x0000019e25198cd8]
Event: 5235.382 Thread 0x0000019e3a804800 26303       3       org.gradle.api.internal.attributes.DefaultAttributesSchema::attribute (102 bytes)
Event: 5235.383 Thread 0x0000019e3a804800 nmethod 26303 0x0000019e25433010 code [0x0000019e25433280, 0x0000019e25433f48]
Event: 5235.383 Thread 0x0000019e3a804800 26306       3       org.gradle.internal.action.DefaultConfigurableRules::computeCacheable (47 bytes)
Event: 5235.384 Thread 0x0000019e3a804800 nmethod 26306 0x0000019e25234c90 code [0x0000019e25234ea0, 0x0000019e25235448]
Event: 5235.384 Thread 0x0000019e3a804800 26304       3       org.gradle.internal.action.DefaultConfigurableRules::of (12 bytes)
Event: 5235.384 Thread 0x0000019e3a804800 nmethod 26304 0x0000019e25242a90 code [0x0000019e25242ca0, 0x0000019e252431f8]
Event: 5235.384 Thread 0x0000019e3a804800 26305       3       org.gradle.internal.action.DefaultConfigurableRules::<init> (21 bytes)
Event: 5235.385 Thread 0x0000019e3a804800 nmethod 26305 0x0000019e25234790 code [0x0000019e25234960, 0x0000019e25234b98]
Event: 5235.385 Thread 0x0000019e3a804800 26307       3       org.gradle.internal.action.InstantiatingAction::<init> (38 bytes)
Event: 5235.385 Thread 0x0000019e3a804800 nmethod 26307 0x0000019e25253d90 code [0x0000019e25253f80, 0x0000019e25254408]
Event: 5235.419 Thread 0x0000019e41b8a800 nmethod 26274 0x0000019e2b481390 code [0x0000019e2b4815e0, 0x0000019e2b4827a8]
Event: 5235.419 Thread 0x0000019e41b8a800 26273       4       org.gradle.cache.internal.DefaultCacheFactory$ReferenceTrackingCache::useCache (14 bytes)
Event: 5235.424 Thread 0x0000019e3a804800 26308       1       org.gradle.api.internal.artifacts.dependencies.AbstractModuleDependency::setAttributesFactory (6 bytes)
Event: 5235.424 Thread 0x0000019e3a804800 nmethod 26308 0x0000019e2b3a8410 code [0x0000019e2b3a85c0, 0x0000019e2b3a86b8]
Event: 5235.425 Thread 0x0000019e3a804800 26309       1       org.gradle.api.internal.artifacts.dependencies.AbstractModuleDependency::setCapabilityNotationParser (6 bytes)
Event: 5235.425 Thread 0x0000019e3a804800 nmethod 26309 0x0000019e2b3b1790 code [0x0000019e2b3b1940, 0x0000019e2b3b1a38]
Event: 5235.435 Thread 0x0000019e3a804800 26310       3       com.google.common.base.CharMatcher$Ascii::matches (12 bytes)
Event: 5235.435 Thread 0x0000019e3a804800 nmethod 26310 0x0000019e24e1d890 code [0x0000019e24e1da40, 0x0000019e24e1db98]

GC Heap History (20 events):
Event: 4201.245 GC heap before
{Heap before GC invocations=81 (full 0):
 garbage-first heap   total 380928K, used 283424K [0x0000000080000000, 0x0000000100000000)
  region size 1024K, 74 young (75776K), 3 survivors (3072K)
 Metaspace       used 129272K, capacity 132628K, committed 133196K, reserved 1165312K
  class space    used 16269K, capacity 17525K, committed 17740K, reserved 1048576K
}
Event: 4201.251 GC heap after
{Heap after GC invocations=82 (full 0):
 garbage-first heap   total 380928K, used 211915K [0x0000000080000000, 0x0000000100000000)
  region size 1024K, 3 young (3072K), 3 survivors (3072K)
 Metaspace       used 129272K, capacity 132628K, committed 133196K, reserved 1165312K
  class space    used 16269K, capacity 17525K, committed 17740K, reserved 1048576K
}
Event: 4209.026 GC heap before
{Heap before GC invocations=83 (full 0):
 garbage-first heap   total 380928K, used 291787K [0x0000000080000000, 0x0000000100000000)
  region size 1024K, 80 young (81920K), 3 survivors (3072K)
 Metaspace       used 129699K, capacity 133042K, committed 133452K, reserved 1165312K
  class space    used 16288K, capacity 17557K, committed 17740K, reserved 1048576K
}
Event: 4209.033 GC heap after
{Heap after GC invocations=84 (full 0):
 garbage-first heap   total 380928K, used 209055K [0x0000000080000000, 0x0000000100000000)
  region size 1024K, 8 young (8192K), 8 survivors (8192K)
 Metaspace       used 129699K, capacity 133042K, committed 133452K, reserved 1165312K
  class space    used 16288K, capacity 17557K, committed 17740K, reserved 1048576K
}
Event: 4209.067 GC heap before
{Heap before GC invocations=84 (full 0):
 garbage-first heap   total 380928K, used 218271K [0x0000000080000000, 0x0000000100000000)
  region size 1024K, 18 young (18432K), 8 survivors (8192K)
 Metaspace       used 129701K, capacity 133042K, committed 133452K, reserved 1165312K
  class space    used 16288K, capacity 17557K, committed 17740K, reserved 1048576K
}
Event: 4209.091 GC heap after
{Heap after GC invocations=85 (full 0):
 garbage-first heap   total 380928K, used 199559K [0x0000000080000000, 0x0000000100000000)
  region size 1024K, 3 young (3072K), 3 survivors (3072K)
 Metaspace       used 129701K, capacity 133042K, committed 133452K, reserved 1165312K
  class space    used 16288K, capacity 17557K, committed 17740K, reserved 1048576K
}
Event: 4209.365 GC heap before
{Heap before GC invocations=85 (full 0):
 garbage-first heap   total 380928K, used 254855K [0x0000000080000000, 0x0000000100000000)
  region size 1024K, 59 young (60416K), 3 survivors (3072K)
 Metaspace       used 129845K, capacity 133247K, committed 133708K, reserved 1165312K
  class space    used 16288K, capacity 17557K, committed 17740K, reserved 1048576K
}
Event: 4209.389 GC heap after
{Heap after GC invocations=86 (full 0):
 garbage-first heap   total 380928K, used 204331K [0x0000000080000000, 0x0000000100000000)
  region size 1024K, 8 young (8192K), 8 survivors (8192K)
 Metaspace       used 129845K, capacity 133247K, committed 133708K, reserved 1165312K
  class space    used 16288K, capacity 17557K, committed 17740K, reserved 1048576K
}
Event: 4316.247 GC heap before
{Heap before GC invocations=87 (full 0):
 garbage-first heap   total 380928K, used 253483K [0x0000000080000000, 0x0000000100000000)
  region size 1024K, 92 young (94208K), 8 survivors (8192K)
 Metaspace       used 130066K, capacity 133579K, committed 133964K, reserved 1165312K
  class space    used 16293K, capacity 17566K, committed 17740K, reserved 1048576K
}
Event: 4316.255 GC heap after
{Heap after GC invocations=88 (full 0):
 garbage-first heap   total 380928K, used 136522K [0x0000000080000000, 0x0000000100000000)
  region size 1024K, 6 young (6144K), 6 survivors (6144K)
 Metaspace       used 130066K, capacity 133579K, committed 133964K, reserved 1165312K
  class space    used 16293K, capacity 17566K, committed 17740K, reserved 1048576K
}
Event: 4316.481 GC heap before
{Heap before GC invocations=88 (full 0):
 garbage-first heap   total 380928K, used 147786K [0x0000000080000000, 0x0000000100000000)
  region size 1024K, 18 young (18432K), 6 survivors (6144K)
 Metaspace       used 130200K, capacity 133685K, committed 133964K, reserved 1165312K
  class space    used 16299K, capacity 17575K, committed 17740K, reserved 1048576K
}
Event: 4316.497 GC heap after
{Heap after GC invocations=89 (full 0):
 garbage-first heap   total 380928K, used 116331K [0x0000000080000000, 0x0000000100000000)
  region size 1024K, 2 young (2048K), 2 survivors (2048K)
 Metaspace       used 130200K, capacity 133685K, committed 133964K, reserved 1165312K
  class space    used 16299K, capacity 17575K, committed 17740K, reserved 1048576K
}
Event: 4316.539 GC heap before
{Heap before GC invocations=89 (full 0):
 garbage-first heap   total 380928K, used 120427K [0x0000000080000000, 0x0000000100000000)
  region size 1024K, 7 young (7168K), 2 survivors (2048K)
 Metaspace       used 130210K, capacity 133691K, committed 133964K, reserved 1165312K
  class space    used 16299K, capacity 17576K, committed 17740K, reserved 1048576K
}
Event: 4316.549 GC heap after
{Heap after GC invocations=90 (full 0):
 garbage-first heap   total 380928K, used 116331K [0x0000000080000000, 0x0000000100000000)
  region size 1024K, 2 young (2048K), 2 survivors (2048K)
 Metaspace       used 130210K, capacity 133691K, committed 133964K, reserved 1165312K
  class space    used 16299K, capacity 17576K, committed 17740K, reserved 1048576K
}
Event: 4354.029 GC heap before
{Heap before GC invocations=91 (full 0):
 garbage-first heap   total 380928K, used 251499K [0x0000000080000000, 0x0000000100000000)
  region size 1024K, 107 young (109568K), 2 survivors (2048K)
 Metaspace       used 130514K, capacity 134002K, committed 134220K, reserved 1165312K
  class space    used 16306K, capacity 17587K, committed 17740K, reserved 1048576K
}
Event: 4354.038 GC heap after
{Heap after GC invocations=92 (full 0):
 garbage-first heap   total 380928K, used 119760K [0x0000000080000000, 0x0000000100000000)
  region size 1024K, 6 young (6144K), 6 survivors (6144K)
 Metaspace       used 130514K, capacity 134002K, committed 134220K, reserved 1165312K
  class space    used 16306K, capacity 17587K, committed 17740K, reserved 1048576K
}
Event: 4354.313 GC heap before
{Heap before GC invocations=92 (full 0):
 garbage-first heap   total 380928K, used 132048K [0x0000000080000000, 0x0000000100000000)
  region size 1024K, 18 young (18432K), 6 survivors (6144K)
 Metaspace       used 130614K, capacity 134089K, committed 134476K, reserved 1165312K
  class space    used 16310K, capacity 17594K, committed 17740K, reserved 1048576K
}
Event: 4354.326 GC heap after
{Heap after GC invocations=93 (full 0):
 garbage-first heap   total 380928K, used 108455K [0x0000000080000000, 0x0000000100000000)
  region size 1024K, 3 young (3072K), 3 survivors (3072K)
 Metaspace       used 130614K, capacity 134089K, committed 134476K, reserved 1165312K
  class space    used 16310K, capacity 17594K, committed 17740K, reserved 1048576K
}
Event: 4356.597 GC heap before
{Heap before GC invocations=93 (full 0):
 garbage-first heap   total 380928K, used 162727K [0x0000000080000000, 0x0000000100000000)
  region size 1024K, 58 young (59392K), 3 survivors (3072K)
 Metaspace       used 130745K, capacity 134229K, committed 134476K, reserved 1165312K
  class space    used 16311K, capacity 17596K, committed 17740K, reserved 1048576K
}
Event: 4356.608 GC heap after
{Heap after GC invocations=94 (full 0):
 garbage-first heap   total 380928K, used 110324K [0x0000000080000000, 0x0000000100000000)
  region size 1024K, 5 young (5120K), 5 survivors (5120K)
 Metaspace       used 130745K, capacity 134229K, committed 134476K, reserved 1165312K
  class space    used 16311K, capacity 17596K, committed 17740K, reserved 1048576K
}

Deoptimization events (20 events):
Event: 4354.478 Thread 0x0000019e4683e800 DEOPT PACKING pc=0x0000019e2b04300c sp=0x0000000746bfb550
Event: 4354.478 Thread 0x0000019e4683e800 DEOPT UNPACKING pc=0x0000019e22e3782f sp=0x0000000746bfb510 mode 2
Event: 4356.238 Thread 0x0000019e4684c000 Uncommon trap: trap_request=0xfffffff4 fr.pc=0x0000019e2ac4d404 relative=0x0000000000000144
Event: 4356.238 Thread 0x0000019e4684c000 Uncommon trap: reason=null_check action=make_not_entrant pc=0x0000019e2ac4d404 method=com.android.tools.r8.internal.b2$f.a(Lcom/android/tools/r8/graph/X;)Lcom/android/tools/r8/internal/b2$e; @ 10 c2
Event: 4356.238 Thread 0x0000019e4684c000 DEOPT PACKING pc=0x0000019e2ac4d404 sp=0x00000007474fd150
Event: 4356.238 Thread 0x0000019e4684c000 DEOPT UNPACKING pc=0x0000019e22e3782f sp=0x00000007474fd000 mode 2
Event: 4356.361 Thread 0x0000019e4684c000 DEOPT PACKING pc=0x0000019e25c6ab1f sp=0x00000007474fcd10
Event: 4356.361 Thread 0x0000019e4684c000 DEOPT UNPACKING pc=0x0000019e22e3764e sp=0x00000007474fc1a0 mode 0
Event: 4356.589 Thread 0x0000019e3d265800 Uncommon trap: trap_request=0xffffffde fr.pc=0x0000019e2b76fc28 relative=0x0000000000000ae8
Event: 4356.589 Thread 0x0000019e3d265800 Uncommon trap: reason=class_check action=maybe_recompile pc=0x0000019e2b76fc28 method=com.google.common.collect.ImmutableMap.copyOf(Ljava/lang/Iterable;)Lcom/google/common/collect/ImmutableMap; @ 49 c2
Event: 4356.589 Thread 0x0000019e3d265800 DEOPT PACKING pc=0x0000019e2b76fc28 sp=0x00000007478fdb60
Event: 4356.589 Thread 0x0000019e3d265800 DEOPT UNPACKING pc=0x0000019e22e3782f sp=0x00000007478fdac8 mode 2
Event: 4356.779 Thread 0x0000019e46843000 Uncommon trap: trap_request=0xfffffff4 fr.pc=0x0000019e2ae6edec relative=0x000000000000052c
Event: 4356.779 Thread 0x0000019e46843000 Uncommon trap: reason=null_check action=make_not_entrant pc=0x0000019e2ae6edec method=java.lang.ThreadLocal$ThreadLocalMap.expungeStaleEntry(I)I @ 51 c2
Event: 4356.779 Thread 0x0000019e46843000 DEOPT PACKING pc=0x0000019e2ae6edec sp=0x00000007437fb400
Event: 4356.779 Thread 0x0000019e46843000 DEOPT UNPACKING pc=0x0000019e22e3782f sp=0x00000007437fb3a0 mode 2
Event: 5235.164 Thread 0x0000019e3d265800 Uncommon trap: trap_request=0xffffffde fr.pc=0x0000019e2b753544 relative=0x0000000000000a64
Event: 5235.164 Thread 0x0000019e3d265800 Uncommon trap: reason=class_check action=maybe_recompile pc=0x0000019e2b753544 method=org.gradle.cache.internal.LockOnDemandCrossProcessCacheAccess.incrementLockCount()V @ 97 c2
Event: 5235.164 Thread 0x0000019e3d265800 DEOPT PACKING pc=0x0000019e2b753544 sp=0x00000007438f8260
Event: 5235.165 Thread 0x0000019e3d265800 DEOPT UNPACKING pc=0x0000019e22e3782f sp=0x00000007438f8240 mode 2

Classes redefined (0 events):
No events

Internal exceptions (20 events):
Event: 4317.364 Thread 0x0000019e3d265800 Exception <a 'java/lang/InterruptedException'{0x00000000945680d8}> (0x00000000945680d8) thrown at [./src/hotspot/share/runtime/objectMonitor.cpp, line 1635]
Event: 4321.038 Thread 0x0000019e3d26b000 Exception <a 'sun/nio/fs/WindowsException'{0x0000000093bdb890}> (0x0000000093bdb890) thrown at [./src/hotspot/share/prims/jni.cpp, line 615]
Event: 4321.166 Thread 0x0000019e3d26b000 Exception <a 'sun/nio/fs/WindowsException'{0x00000000935dd328}> (0x00000000935dd328) thrown at [./src/hotspot/share/prims/jni.cpp, line 615]
Event: 4321.274 Thread 0x0000019e3d26b000 Exception <a 'sun/nio/fs/WindowsException'{0x00000000933b17b0}> (0x00000000933b17b0) thrown at [./src/hotspot/share/prims/jni.cpp, line 615]
Event: 4321.280 Thread 0x0000019e3d26b000 Exception <a 'sun/nio/fs/WindowsException'{0x00000000932c0138}> (0x00000000932c0138) thrown at [./src/hotspot/share/prims/jni.cpp, line 615]
Event: 4321.940 Thread 0x0000019e46840800 Implicit null exception at 0x0000019e2b72b7cb to 0x0000019e2b72da48
Event: 4321.940 Thread 0x0000019e46840800 Implicit null exception at 0x0000019e2af31679 to 0x0000019e2af31e04
Event: 4353.954 Thread 0x0000019e46843000 Exception <a 'sun/nio/fs/WindowsException'{0x0000000090c0b2f0}> (0x0000000090c0b2f0) thrown at [./src/hotspot/share/prims/jni.cpp, line 615]
Event: 4354.112 Thread 0x0000019e46843000 Exception <a 'sun/nio/fs/WindowsException'{0x0000000096f60c80}> (0x0000000096f60c80) thrown at [./src/hotspot/share/prims/jni.cpp, line 615]
Event: 4354.135 Thread 0x0000019e46843000 Exception <a 'sun/nio/fs/WindowsException'{0x0000000096e00250}> (0x0000000096e00250) thrown at [./src/hotspot/share/prims/jni.cpp, line 615]
Event: 4354.135 Thread 0x0000019e46843000 Exception <a 'sun/nio/fs/WindowsException'{0x0000000096e015b0}> (0x0000000096e015b0) thrown at [./src/hotspot/share/prims/jni.cpp, line 615]
Event: 4354.135 Thread 0x0000019e46843000 Exception <a 'sun/nio/fs/WindowsException'{0x0000000096e026e0}> (0x0000000096e026e0) thrown at [./src/hotspot/share/prims/jni.cpp, line 615]
Event: 4354.136 Thread 0x0000019e46843000 Exception <a 'sun/nio/fs/WindowsException'{0x0000000096e03810}> (0x0000000096e03810) thrown at [./src/hotspot/share/prims/jni.cpp, line 615]
Event: 4354.672 Thread 0x0000019e46846800 Exception <a 'java/lang/InterruptedException'{0x0000000095cdf820}> (0x0000000095cdf820) thrown at [./src/hotspot/share/runtime/objectMonitor.cpp, line 1635]
Event: 4356.219 Thread 0x0000019e4684c000 Exception <a 'sun/nio/fs/WindowsException'{0x00000000952a7f80}> (0x00000000952a7f80) thrown at [./src/hotspot/share/prims/jni.cpp, line 615]
Event: 4356.238 Thread 0x0000019e4684c000 Implicit null exception at 0x0000019e2ac4d36c to 0x0000019e2ac4d3f8
Event: 4356.378 Thread 0x0000019e4684c000 Exception <a 'sun/nio/fs/WindowsException'{0x0000000094ccb138}> (0x0000000094ccb138) thrown at [./src/hotspot/share/prims/jni.cpp, line 615]
Event: 4356.410 Thread 0x0000019e3d263000 Exception <a 'sun/nio/fs/WindowsException'{0x0000000094aa8eb0}> (0x0000000094aa8eb0) thrown at [./src/hotspot/share/prims/jni.cpp, line 615]
Event: 4356.416 Thread 0x0000019e3d263000 Exception <a 'sun/nio/fs/WindowsException'{0x00000000949b82c0}> (0x00000000949b82c0) thrown at [./src/hotspot/share/prims/jni.cpp, line 615]
Event: 4356.779 Thread 0x0000019e46843000 Implicit null exception at 0x0000019e2ae6e98a to 0x0000019e2ae6edc8

Events (20 events):
Event: 5235.319 Thread 0x0000019e41b8b000 Thread added: 0x0000019e41b8b000
Event: 5235.320 Thread 0x0000019e41b91800 Thread added: 0x0000019e41b91800
Event: 5235.321 Thread 0x0000019e41b92800 Thread added: 0x0000019e41b92800
Event: 5235.321 Thread 0x0000019e41b8d800 Thread added: 0x0000019e41b8d800
Event: 5235.321 Thread 0x0000019e41b95800 Thread added: 0x0000019e41b95800
Event: 5235.322 Thread 0x0000019e41b96800 Thread added: 0x0000019e41b96800
Event: 5235.322 Executing VM operation: RevokeBias
Event: 5235.323 Executing coalesced safepoint VM operation: RevokeBias
Event: 5235.323 Executing coalesced safepoint VM operation: RevokeBias done
Event: 5235.323 Executing coalesced safepoint VM operation: RevokeBias
Event: 5235.323 Executing coalesced safepoint VM operation: RevokeBias done
Event: 5235.323 Executing coalesced safepoint VM operation: BulkRevokeBias
Event: 5235.326 Executing coalesced safepoint VM operation: BulkRevokeBias done
Event: 5235.326 Executing coalesced safepoint VM operation: RevokeBias
Event: 5235.326 Executing coalesced safepoint VM operation: RevokeBias done
Event: 5235.326 Executing coalesced safepoint VM operation: RevokeBias
Event: 5235.326 Executing coalesced safepoint VM operation: RevokeBias done
Event: 5235.326 Executing coalesced safepoint VM operation: RevokeBias
Event: 5235.326 Executing coalesced safepoint VM operation: RevokeBias done
Event: 5235.326 Executing VM operation: RevokeBias done


Dynamic libraries:
0x00007ff66c570000 - 0x00007ff66c57a000 	C:\Program Files\Android\Android Studio\jre\bin\java.exe
0x00007ffd26a70000 - 0x00007ffd26c65000 	C:\WINDOWS\SYSTEM32\ntdll.dll
0x00007ffd25890000 - 0x00007ffd2594e000 	C:\WINDOWS\System32\KERNEL32.DLL
0x00007ffd247e0000 - 0x00007ffd24aa8000 	C:\WINDOWS\System32\KERNELBASE.dll
0x00007ffd24340000 - 0x00007ffd24440000 	C:\WINDOWS\System32\ucrtbase.dll
0x00007ffd0ac40000 - 0x00007ffd0ac59000 	C:\Program Files\Android\Android Studio\jre\bin\jli.dll
0x00007ffd25d40000 - 0x00007ffd25ee1000 	C:\WINDOWS\System32\USER32.dll
0x00007ffd18880000 - 0x00007ffd18b1a000 	C:\WINDOWS\WinSxS\amd64_microsoft.windows.common-controls_6595b64144ccf1df_6.0.19041.1110_none_60b5254171f9507e\COMCTL32.dll
0x00007ffd247b0000 - 0x00007ffd247d2000 	C:\WINDOWS\System32\win32u.dll
0x00007ffd0a790000 - 0x00007ffd0a7a7000 	C:\Program Files\Android\Android Studio\jre\bin\VCRUNTIME140.dll
0x00007ffd25ef0000 - 0x00007ffd25f1b000 	C:\WINDOWS\System32\GDI32.dll
0x00007ffd25fa0000 - 0x00007ffd2603e000 	C:\WINDOWS\System32\msvcrt.dll
0x00007ffd24520000 - 0x00007ffd2462d000 	C:\WINDOWS\System32\gdi32full.dll
0x00007ffd24630000 - 0x00007ffd246cd000 	C:\WINDOWS\System32\msvcp_win.dll
0x00007ffd25410000 - 0x00007ffd25440000 	C:\WINDOWS\System32\IMM32.DLL
0x00007ffcfcfe0000 - 0x00007ffcfd07d000 	C:\Program Files\Android\Android Studio\jre\bin\msvcp140.dll
0x00007ffcf65f0000 - 0x00007ffcf70bf000 	C:\Program Files\Android\Android Studio\jre\bin\server\jvm.dll
0x00007ffd25690000 - 0x00007ffd2573c000 	C:\WINDOWS\System32\ADVAPI32.dll
0x00007ffd25740000 - 0x00007ffd257db000 	C:\WINDOWS\System32\sechost.dll
0x00007ffd259e0000 - 0x00007ffd25b0a000 	C:\WINDOWS\System32\RPCRT4.dll
0x00007ffd25610000 - 0x00007ffd25618000 	C:\WINDOWS\System32\PSAPI.DLL
0x00007ffd1fea0000 - 0x00007ffd1fea9000 	C:\WINDOWS\SYSTEM32\WSOCK32.dll
0x00007ffd1bd80000 - 0x00007ffd1bda7000 	C:\WINDOWS\SYSTEM32\WINMM.dll
0x00007ffd1e3d0000 - 0x00007ffd1e3da000 	C:\WINDOWS\SYSTEM32\VERSION.dll
0x00007ffd25c40000 - 0x00007ffd25cab000 	C:\WINDOWS\System32\WS2_32.dll
0x00007ffd22090000 - 0x00007ffd220a2000 	C:\WINDOWS\SYSTEM32\kernel.appcore.dll
0x00007ffd0e8e0000 - 0x00007ffd0e8f1000 	C:\Program Files\Android\Android Studio\jre\bin\verify.dll
0x00007ffd14610000 - 0x00007ffd147f4000 	C:\WINDOWS\SYSTEM32\DBGHELP.DLL
0x00007ffd14330000 - 0x00007ffd1435c000 	C:\WINDOWS\SYSTEM32\dbgcore.DLL
0x00007ffd246d0000 - 0x00007ffd24752000 	C:\WINDOWS\System32\bcryptPrimitives.dll
0x00007ffd0dd10000 - 0x00007ffd0dd39000 	C:\Program Files\Android\Android Studio\jre\bin\java.dll
0x00007ffd1fd80000 - 0x00007ffd1fd8b000 	C:\Program Files\Android\Android Studio\jre\bin\jimage.dll
0x00007ffd0e8c0000 - 0x00007ffd0e8d8000 	C:\Program Files\Android\Android Studio\jre\bin\zip.dll
0x00007ffd24b80000 - 0x00007ffd252c4000 	C:\WINDOWS\System32\SHELL32.dll
0x00007ffd22290000 - 0x00007ffd22a24000 	C:\WINDOWS\SYSTEM32\windows.storage.dll
0x00007ffd266d0000 - 0x00007ffd26a25000 	C:\WINDOWS\System32\combase.dll
0x00007ffd23b00000 - 0x00007ffd23b2e000 	C:\WINDOWS\SYSTEM32\Wldp.dll
0x00007ffd257e0000 - 0x00007ffd2588d000 	C:\WINDOWS\System32\SHCORE.dll
0x00007ffd25960000 - 0x00007ffd259b5000 	C:\WINDOWS\System32\shlwapi.dll
0x00007ffd240c0000 - 0x00007ffd240df000 	C:\WINDOWS\SYSTEM32\profapi.dll
0x00007ffd0d890000 - 0x00007ffd0d8aa000 	C:\Program Files\Android\Android Studio\jre\bin\net.dll
0x00007ffd1b730000 - 0x00007ffd1b83c000 	C:\WINDOWS\SYSTEM32\WINHTTP.dll
0x00007ffd23860000 - 0x00007ffd238ca000 	C:\WINDOWS\system32\mswsock.dll
0x00007ffd0d870000 - 0x00007ffd0d884000 	C:\Program Files\Android\Android Studio\jre\bin\nio.dll
0x00007ffd0d1c0000 - 0x00007ffd0d1e7000 	C:\Users\Nikita\.gradle\native\8bec1ad78214c89d9ad589b4d07fe93259594b29d510b10fafb7a158f7737e5d\windows-amd64\native-platform.dll
0x00007ffd0d080000 - 0x00007ffd0d1bd000 	C:\Users\Nikita\.gradle\native\53dbd7edfb1c66fb8903c78663c9afc45aea4f116125fa6feffd364cf09443e8\windows-amd64\native-platform-file-events.dll
0x00007ffd14d60000 - 0x00007ffd14d6a000 	C:\Program Files\Android\Android Studio\jre\bin\management.dll
0x00007ffd14d30000 - 0x00007ffd14d3c000 	C:\Program Files\Android\Android Studio\jre\bin\management_ext.dll
0x00007ffd23a50000 - 0x00007ffd23a68000 	C:\WINDOWS\SYSTEM32\CRYPTSP.dll
0x00007ffd231e0000 - 0x00007ffd23214000 	C:\WINDOWS\system32\rsaenh.dll
0x00007ffd244f0000 - 0x00007ffd24517000 	C:\WINDOWS\System32\bcrypt.dll
0x00007ffd24080000 - 0x00007ffd240ae000 	C:\WINDOWS\SYSTEM32\USERENV.dll
0x00007ffd23a70000 - 0x00007ffd23a7c000 	C:\WINDOWS\SYSTEM32\CRYPTBASE.dll
0x00007ffd23550000 - 0x00007ffd2358b000 	C:\WINDOWS\SYSTEM32\IPHLPAPI.DLL
0x00007ffd25950000 - 0x00007ffd25958000 	C:\WINDOWS\System32\NSI.dll
0x00007ffd1e640000 - 0x00007ffd1e657000 	C:\WINDOWS\SYSTEM32\dhcpcsvc6.DLL
0x00007ffd1eca0000 - 0x00007ffd1ecbd000 	C:\WINDOWS\SYSTEM32\dhcpcsvc.DLL
0x00007ffd23590000 - 0x00007ffd2365b000 	C:\WINDOWS\SYSTEM32\DNSAPI.dll
0x00007ffd0b480000 - 0x00007ffd0b49e000 	C:\Users\Nikita\AppData\Local\Temp\native-platform902256780793456034dir\native-platform.dll
0x00007ffd07d90000 - 0x00007ffd07d98000 	C:\Program Files\Android\Android Studio\jre\bin\rmi.dll
0x00007ffceea00000 - 0x00007ffceea17000 	C:\WINDOWS\system32\napinsp.dll
0x00007ffcee9e0000 - 0x00007ffcee9fb000 	C:\WINDOWS\system32\pnrpnsp.dll
0x00007ffd05360000 - 0x00007ffd05375000 	C:\WINDOWS\system32\wshbth.dll
0x00007ffd1fd20000 - 0x00007ffd1fd3d000 	C:\WINDOWS\system32\NLAapi.dll
0x00007ffcee9c0000 - 0x00007ffcee9d2000 	C:\WINDOWS\System32\winrnr.dll
0x00007ffd1b560000 - 0x00007ffd1b56a000 	C:\Windows\System32\rasadhlp.dll
0x00007ffd1b6b0000 - 0x00007ffd1b72f000 	C:\WINDOWS\System32\fwpuclnt.dll
0x00007ffd0cd70000 - 0x00007ffd0cd97000 	C:\Program Files\Android\Android Studio\jre\bin\sunec.dll

dbghelp: loaded successfully - version: 4.0.5 - missing functions: none
symbol engine: initialized successfully - sym options: 0x614 - pdb path: .;C:\Program Files\Android\Android Studio\jre\bin;C:\WINDOWS\SYSTEM32;C:\WINDOWS\WinSxS\amd64_microsoft.windows.common-controls_6595b64144ccf1df_6.0.19041.1110_none_60b5254171f9507e;C:\Program Files\Android\Android Studio\jre\bin\server;C:\Users\Nikita\.gradle\native\8bec1ad78214c89d9ad589b4d07fe93259594b29d510b10fafb7a158f7737e5d\windows-amd64;C:\Users\Nikita\.gradle\native\53dbd7edfb1c66fb8903c78663c9afc45aea4f116125fa6feffd364cf09443e8\windows-amd64;C:\Users\Nikita\AppData\Local\Temp\native-platform902256780793456034dir

VM Arguments:
jvm_args: --add-opens=java.base/java.util=ALL-UNNAMED --add-opens=java.base/java.lang=ALL-UNNAMED --add-opens=java.base/java.lang.invoke=ALL-UNNAMED --add-opens=java.base/java.util=ALL-UNNAMED --add-opens=java.prefs/java.util.prefs=ALL-UNNAMED --add-opens=java.prefs/java.util.prefs=ALL-UNNAMED --add-opens=java.base/java.nio.charset=ALL-UNNAMED --add-opens=java.base/java.net=ALL-UNNAMED --add-opens=java.base/java.util.concurrent.atomic=ALL-UNNAMED -Xmx2048m -Dfile.encoding=UTF-8 -Duser.country=RU -Duser.language=ru -Duser.variant 
java_command: org.gradle.launcher.daemon.bootstrap.GradleDaemon 7.0.2
java_class_path (initial): C:\Users\Nikita\.gradle\wrapper\dists\gradle-7.0.2-bin\857tjihv64xamwrf0h14cai3r\gradle-7.0.2\lib\gradle-launcher-7.0.2.jar
Launcher Type: SUN_STANDARD

[Global flags]
     intx CICompilerCount                          = 4                                         {product} {ergonomic}
     uint ConcGCThreads                            = 2                                         {product} {ergonomic}
     uint G1ConcRefinementThreads                  = 8                                         {product} {ergonomic}
   size_t G1HeapRegionSize                         = 1048576                                   {product} {ergonomic}
    uintx GCDrainStackTargetSize                   = 64                                        {product} {ergonomic}
   size_t InitialHeapSize                          = 201326592                                 {product} {ergonomic}
   size_t MarkStackSize                            = 4194304                                   {product} {ergonomic}
   size_t MaxHeapSize                              = 2147483648                                {product} {command line}
   size_t MaxNewSize                               = 1287651328                                {product} {ergonomic}
   size_t MinHeapDeltaBytes                        = 1048576                                   {product} {ergonomic}
    uintx NonNMethodCodeHeapSize                   = 5836300                                {pd product} {ergonomic}
    uintx NonProfiledCodeHeapSize                  = 122910970                              {pd product} {ergonomic}
    uintx ProfiledCodeHeapSize                     = 122910970                              {pd product} {ergonomic}
    uintx ReservedCodeCacheSize                    = 251658240                              {pd product} {ergonomic}
     bool SegmentedCodeCache                       = true                                      {product} {ergonomic}
     bool UseCompressedClassPointers               = true                                 {lp64_product} {ergonomic}
     bool UseCompressedOops                        = true                                 {lp64_product} {ergonomic}
     bool UseG1GC                                  = true                                      {product} {ergonomic}
     bool UseLargePagesIndividualAllocation        = false                                  {pd product} {ergonomic}

Logging:
Log output configuration:
 #0: stdout all=warning uptime,level,tags
 #1: stderr all=off uptime,level,tags

Environment Variables:
PATH=C:\Program Files (x86)\Common Files\Oracle\Java\javapath;C:\ProgramData\Oracle\Java\javapath;C:\Windows\system32;C:\Windows;C:\Windows\System32\Wbem;C:\Windows\System32\WindowsPowerShell\v1.0\;C:\Windows\System32\OpenSSH\;C:\Program Files (x86)\NVIDIA Corporation\PhysX\Common;C:\WINDOWS\system32;C:\WINDOWS;C:\WINDOWS\System32\Wbem;C:\WINDOWS\System32\WindowsPowerShell\v1.0\;C:\WINDOWS\System32\OpenSSH\;C:\Program Files\Git\cmd;C:\Users\Nikita\AppData\Local\Microsoft\WindowsApps;C:\adb;C:\Program Files\NVIDIA Corporation\NVIDIA NvDLISR;C:\Users\Nikita\AppData\Local\Microsoft\WindowsApps;
USERNAME=Nikita
OS=Windows_NT
PROCESSOR_IDENTIFIER=Intel64 Family 6 Model 58 Stepping 9, GenuineIntel



---------------  S Y S T E M  ---------------

OS: Windows 10 , 64 bit Build 19041 (10.0.19041.1348)
OS uptime: 0 days 1:45 hours

CPU:total 8 (initial active 8) (4 cores per cpu, 2 threads per core) family 6 model 58 stepping 9 microcode 0x21, cmov, cx8, fxsr, mmx, sse, sse2, sse3, ssse3, sse4.1, sse4.2, popcnt, avx, aes, clmul, erms, ht, tsc, tscinvbit, tscinv

Memory: 4k page, system-wide physical 12255M (1119M free)
TotalPageFile size 49119M (AvailPageFile size 3M)
current process WorkingSet (physical memory assigned to process): 181M, peak: 720M
current process commit charge ("private bytes"): 780M, peak: 820M

vm_info: OpenJDK 64-Bit Server VM (11.0.10+0-b96-7249189) for windows-amd64 JRE (11.0.10+0-b96-7249189), built on Mar 31 2021 21:44:00 by "builder" with MS VC++ 14.0 (VS2015)

END.
